{
    "sourceFile": "var/log/dev.log",
    "activeCommit": 0,
    "commits": [
        {
            "activePatchIndex": 1,
            "patches": [
                {
                    "date": 1752136938408,
                    "content": "Index: \n===================================================================\n--- \n+++ \n"
                },
                {
                    "date": 1752136955028,
                    "content": "Index: \n===================================================================\n--- \n+++ \n@@ -174,9 +174,9 @@\n [2025-07-10T08:14:28.078144+00:00] security.DEBUG: Checking support on authenticator. {\"firewall_name\":\"main\",\"authenticator\":\"Symfony\\\\Component\\\\Security\\\\Http\\\\Authenticator\\\\FormLoginAuthenticator\"} []\n [2025-07-10T08:14:28.078178+00:00] security.DEBUG: Authenticator does not support the request. {\"firewall_name\":\"main\",\"authenticator\":\"Symfony\\\\Component\\\\Security\\\\Http\\\\Authenticator\\\\FormLoginAuthenticator\"} []\n [2025-07-10T08:14:28.190616+00:00] security.DEBUG: Access denied, the user is not fully authenticated; redirecting to authentication entry point. {\"exception\":\"[object] (Symfony\\\\Component\\\\Security\\\\Core\\\\Exception\\\\AccessDeniedException(code: 403): Access Denied. at C:\\\\Users\\\\EAA\\\\Desktop\\\\it_training\\\\vendor\\\\symfony\\\\security-http\\\\Firewall\\\\AccessListener.php:87)\"} []\n [2025-07-10T08:14:28.209448+00:00] security.DEBUG: Calling Authentication entry point. {\"entry_point\":{\"Symfony\\\\Component\\\\Security\\\\Http\\\\Authenticator\\\\FormLoginAuthenticator\":[]}} []\n-[2025-07-10T12:04:02.345678] request.CRITICAL: Uncaught PHP Exception Symfony\\Component\\Routing\\Exception\\RouteNotFoundException: \"Unable to generate a URL for the named route \"login\" as such route does not exist.\" at CompiledUrlGenerator.php line 50 {\"exception\":\"[object] (Symfony\\\\Component\\\\Routing\\\\Exception\\\\RouteNotFoundException(code: 0): Unable to generate a URL for the named route \\\"login\\\" as such route does not exist. at C:\\\\Users\\\\EAA\\\\Desktop\\\\it_training\\\\vendor\\\\symfony\\\\routing\\\\Generator\\\\CompiledUrlGenerator.php:50)\"} []\n+[2025-07-10T08:14:28.244483+00:00] request.CRITICAL: Uncaught PHP Exception Symfony\\Component\\Routing\\Exception\\RouteNotFoundException: \"Unable to generate a URL for the named route \"login\" as such route does not exist.\" at CompiledUrlGenerator.php line 50 {\"exception\":\"[object] (Symfony\\\\Component\\\\Routing\\\\Exception\\\\RouteNotFoundException(code: 0): Unable to generate a URL for the named route \\\"login\\\" as such route does not exist. at C:\\\\Users\\\\EAA\\\\Desktop\\\\it_training\\\\vendor\\\\symfony\\\\routing\\\\Generator\\\\CompiledUrlGenerator.php:50)\"} []\n [2025-07-10T08:14:29.045881+00:00] request.INFO: Matched route \"_wdt\". {\"route\":\"_wdt\",\"route_parameters\":{\"_route\":\"_wdt\",\"_controller\":\"web_profiler.controller.profiler::toolbarAction\",\"token\":\"0a4326\"},\"request_uri\":\"http://127.0.0.1:8000/_wdt/0a4326\",\"method\":\"GET\"} []\n [2025-07-10T08:19:36.543434+00:00] http_client.INFO: Request: \"GET https://data.jsdelivr.com/v1/packages/npm/@hotwired/stimulus/resolved?specifier=%5E3.0.0\" [] []\n [2025-07-10T08:19:36.645888+00:00] console.CRITICAL: Error thrown while running command \"--ansi importmap:require \"@hotwired/stimulus@^3.0.0\"\". Message: \"Error setting certificate verify locations:  CAfile: C:\\Users\\Stagiaire\\Documents\\Hackathon\\cineCourts\\cacert.pem CApath: none for \"https://data.jsdelivr.com/v1/packages/npm/@hotwired/stimulus/resolved?specifier=%5E3.0.0\".\" {\"exception\":\"[object] (Symfony\\\\Component\\\\HttpClient\\\\Exception\\\\TransportException(code: 0): Error setting certificate verify locations:  CAfile: C:\\\\Users\\\\Stagiaire\\\\Documents\\\\Hackathon\\\\cineCourts\\\\cacert.pem CApath: none for \\\"https://data.jsdelivr.com/v1/packages/npm/@hotwired/stimulus/resolved?specifier=%5E3.0.0\\\". at C:\\\\Users\\\\EAA\\\\Desktop\\\\it_training\\\\vendor\\\\symfony\\\\http-client\\\\Chunk\\\\ErrorChunk.php:56)\\n[previous exception] [object] (Symfony\\\\Component\\\\HttpClient\\\\Exception\\\\TransportException(code: 0): Error setting certificate verify locations:  CAfile: C:\\\\Users\\\\Stagiaire\\\\Documents\\\\Hackathon\\\\cineCourts\\\\cacert.pem CApath: none for \\\"https://data.jsdelivr.com/v1/packages/npm/@hotwired/stimulus/resolved?specifier=%5E3.0.0\\\". at C:\\\\Users\\\\EAA\\\\Desktop\\\\it_training\\\\vendor\\\\symfony\\\\http-client\\\\Response\\\\CurlResponse.php:324)\",\"command\":\"--ansi importmap:require \\\"@hotwired/stimulus@^3.0.0\\\"\",\"message\":\"Error setting certificate verify locations:  CAfile: C:\\\\Users\\\\Stagiaire\\\\Documents\\\\Hackathon\\\\cineCourts\\\\cacert.pem CApath: none for \\\"https://data.jsdelivr.com/v1/packages/npm/@hotwired/stimulus/resolved?specifier=%5E3.0.0\\\".\"} []\n [2025-07-10T08:19:36.646271+00:00] console.DEBUG: Command \"--ansi importmap:require \"@hotwired/stimulus@^3.0.0\"\" exited with code \"1\" {\"command\":\"--ansi importmap:require \\\"@hotwired/stimulus@^3.0.0\\\"\",\"code\":1} []\n"
                }
            ],
            "date": 1752136938408,
            "name": "Commit-0",
            "content": "[2025-07-10T06:41:03.000629+00:00] http_client.INFO: Request: \"GET https://data.jsdelivr.com/v1/packages/npm/@hotwired/stimulus/resolved?specifier=%5E3.0.0\" [] []\n[2025-07-10T06:41:03.169002+00:00] console.CRITICAL: Error thrown while running command \"importmap:require \"@hotwired/stimulus@^3.0.0\"\". Message: \"Error setting certificate verify locations:  CAfile: C:\\Users\\Stagiaire\\Documents\\Hackathon\\cineCourts\\cacert.pem CApath: none for \"https://data.jsdelivr.com/v1/packages/npm/@hotwired/stimulus/resolved?specifier=%5E3.0.0\".\" {\"exception\":\"[object] (Symfony\\\\Component\\\\HttpClient\\\\Exception\\\\TransportException(code: 0): Error setting certificate verify locations:  CAfile: C:\\\\Users\\\\Stagiaire\\\\Documents\\\\Hackathon\\\\cineCourts\\\\cacert.pem CApath: none for \\\"https://data.jsdelivr.com/v1/packages/npm/@hotwired/stimulus/resolved?specifier=%5E3.0.0\\\". at C:\\\\Users\\\\EAA\\\\Desktop\\\\it_training\\\\vendor\\\\symfony\\\\http-client\\\\Chunk\\\\ErrorChunk.php:56)\\n[previous exception] [object] (Symfony\\\\Component\\\\HttpClient\\\\Exception\\\\TransportException(code: 0): Error setting certificate verify locations:  CAfile: C:\\\\Users\\\\Stagiaire\\\\Documents\\\\Hackathon\\\\cineCourts\\\\cacert.pem CApath: none for \\\"https://data.jsdelivr.com/v1/packages/npm/@hotwired/stimulus/resolved?specifier=%5E3.0.0\\\". at C:\\\\Users\\\\EAA\\\\Desktop\\\\it_training\\\\vendor\\\\symfony\\\\http-client\\\\Response\\\\CurlResponse.php:324)\",\"command\":\"importmap:require \\\"@hotwired/stimulus@^3.0.0\\\"\",\"message\":\"Error setting certificate verify locations:  CAfile: C:\\\\Users\\\\Stagiaire\\\\Documents\\\\Hackathon\\\\cineCourts\\\\cacert.pem CApath: none for \\\"https://data.jsdelivr.com/v1/packages/npm/@hotwired/stimulus/resolved?specifier=%5E3.0.0\\\".\"} []\n[2025-07-10T06:41:03.170068+00:00] console.DEBUG: Command \"importmap:require \"@hotwired/stimulus@^3.0.0\"\" exited with code \"1\" {\"command\":\"importmap:require \\\"@hotwired/stimulus@^3.0.0\\\"\",\"code\":1} []\n[2025-07-10T06:41:29.144542+00:00] console.CRITICAL: Error thrown while running command \"\"make:database\"\". Message: \"Command \"make:database\" is not defined.  Did you mean one of these?     doctrine:database:create     doctrine:database:drop     make:auth     make:command     make:controller     make:crud     make:docker:database     make:entity     make:fixtures     make:form     make:functional-test     make:listener     make:message     make:messenger-middleware     make:migration     make:registration-form     make:reset-password     make:schedule     make:security:custom     make:security:form-login     make:serializer:encoder     make:serializer:normalizer     make:stimulus-controller     make:subscriber     make:test     make:twig-component     make:twig-extension     make:unit-test     make:user     make:validator     make:voter     make:webhook\" {\"exception\":\"[object] (Symfony\\\\Component\\\\Console\\\\Exception\\\\CommandNotFoundException(code: 0): Command \\\"make:database\\\" is not defined.\\n\\nDid you mean one of these?\\n    doctrine:database:create\\n    doctrine:database:drop\\n    make:auth\\n    make:command\\n    make:controller\\n    make:crud\\n    make:docker:database\\n    make:entity\\n    make:fixtures\\n    make:form\\n    make:functional-test\\n    make:listener\\n    make:message\\n    make:messenger-middleware\\n    make:migration\\n    make:registration-form\\n    make:reset-password\\n    make:schedule\\n    make:security:custom\\n    make:security:form-login\\n    make:serializer:encoder\\n    make:serializer:normalizer\\n    make:stimulus-controller\\n    make:subscriber\\n    make:test\\n    make:twig-component\\n    make:twig-extension\\n    make:unit-test\\n    make:user\\n    make:validator\\n    make:voter\\n    make:webhook at C:\\\\Users\\\\EAA\\\\Desktop\\\\it_training\\\\vendor\\\\symfony\\\\console\\\\Application.php:737)\",\"command\":\"\\\"make:database\\\"\",\"message\":\"Command \\\"make:database\\\" is not defined.\\n\\nDid you mean one of these?\\n    doctrine:database:create\\n    doctrine:database:drop\\n    make:auth\\n    make:command\\n    make:controller\\n    make:crud\\n    make:docker:database\\n    make:entity\\n    make:fixtures\\n    make:form\\n    make:functional-test\\n    make:listener\\n    make:message\\n    make:messenger-middleware\\n    make:migration\\n    make:registration-form\\n    make:reset-password\\n    make:schedule\\n    make:security:custom\\n    make:security:form-login\\n    make:serializer:encoder\\n    make:serializer:normalizer\\n    make:stimulus-controller\\n    make:subscriber\\n    make:test\\n    make:twig-component\\n    make:twig-extension\\n    make:unit-test\\n    make:user\\n    make:validator\\n    make:voter\\n    make:webhook\"} []\n[2025-07-10T06:41:51.032324+00:00] console.CRITICAL: Error thrown while running command \"\"make:database\"\". Message: \"Command \"make:database\" is not defined.  Did you mean one of these?     doctrine:database:create     doctrine:database:drop     make:auth     make:command     make:controller     make:crud     make:docker:database     make:entity     make:fixtures     make:form     make:functional-test     make:listener     make:message     make:messenger-middleware     make:migration     make:registration-form     make:reset-password     make:schedule     make:security:custom     make:security:form-login     make:serializer:encoder     make:serializer:normalizer     make:stimulus-controller     make:subscriber     make:test     make:twig-component     make:twig-extension     make:unit-test     make:user     make:validator     make:voter     make:webhook\" {\"exception\":\"[object] (Symfony\\\\Component\\\\Console\\\\Exception\\\\CommandNotFoundException(code: 0): Command \\\"make:database\\\" is not defined.\\n\\nDid you mean one of these?\\n    doctrine:database:create\\n    doctrine:database:drop\\n    make:auth\\n    make:command\\n    make:controller\\n    make:crud\\n    make:docker:database\\n    make:entity\\n    make:fixtures\\n    make:form\\n    make:functional-test\\n    make:listener\\n    make:message\\n    make:messenger-middleware\\n    make:migration\\n    make:registration-form\\n    make:reset-password\\n    make:schedule\\n    make:security:custom\\n    make:security:form-login\\n    make:serializer:encoder\\n    make:serializer:normalizer\\n    make:stimulus-controller\\n    make:subscriber\\n    make:test\\n    make:twig-component\\n    make:twig-extension\\n    make:unit-test\\n    make:user\\n    make:validator\\n    make:voter\\n    make:webhook at C:\\\\Users\\\\EAA\\\\Desktop\\\\it_training\\\\vendor\\\\symfony\\\\console\\\\Application.php:737)\",\"command\":\"\\\"make:database\\\"\",\"message\":\"Command \\\"make:database\\\" is not defined.\\n\\nDid you mean one of these?\\n    doctrine:database:create\\n    doctrine:database:drop\\n    make:auth\\n    make:command\\n    make:controller\\n    make:crud\\n    make:docker:database\\n    make:entity\\n    make:fixtures\\n    make:form\\n    make:functional-test\\n    make:listener\\n    make:message\\n    make:messenger-middleware\\n    make:migration\\n    make:registration-form\\n    make:reset-password\\n    make:schedule\\n    make:security:custom\\n    make:security:form-login\\n    make:serializer:encoder\\n    make:serializer:normalizer\\n    make:stimulus-controller\\n    make:subscriber\\n    make:test\\n    make:twig-component\\n    make:twig-extension\\n    make:unit-test\\n    make:user\\n    make:validator\\n    make:voter\\n    make:webhook\"} []\n[2025-07-10T06:44:21.843750+00:00] deprecation.INFO: User Deprecated: Relying on non-optimal defaults for ID generation is deprecated, and IDENTITY results in SERIAL, which is not recommended. Instead, configure identifier generation strategies explicitly through configuration. We currently recommend \"SEQUENCE\" for \"Doctrine\\DBAL\\Platforms\\PostgreSQLPlatform\", when using DBAL 3, and \"IDENTITY\" when using DBAL 4, so you should probably use the following configuration before upgrading to DBAL 4, and remove it after deploying that upgrade:  $configuration->setIdentityGenerationPreferences([     \"Doctrine\\DBAL\\Platforms\\PostgreSQLPlatform\" => ClassMetadata::GENERATOR_TYPE_SEQUENCE, ]);  (ClassMetadataFactory.php:640 called by ClassMetadataFactory.php:550, https://github.com/doctrine/orm/issues/8893, package doctrine/orm) {\"exception\":\"[object] (ErrorException(code: 0): User Deprecated: Relying on non-optimal defaults for ID generation is deprecated, and IDENTITY\\nresults in SERIAL, which is not recommended.\\nInstead, configure identifier generation strategies explicitly through\\nconfiguration.\\nWe currently recommend \\\"SEQUENCE\\\" for \\\"Doctrine\\\\DBAL\\\\Platforms\\\\PostgreSQLPlatform\\\", when using DBAL 3,\\nand \\\"IDENTITY\\\" when using DBAL 4,\\nso you should probably use the following configuration before upgrading to DBAL 4,\\nand remove it after deploying that upgrade:\\n\\n$configuration->setIdentityGenerationPreferences([\\n    \\\"Doctrine\\\\DBAL\\\\Platforms\\\\PostgreSQLPlatform\\\" => ClassMetadata::GENERATOR_TYPE_SEQUENCE,\\n]);\\n (ClassMetadataFactory.php:640 called by ClassMetadataFactory.php:550, https://github.com/doctrine/orm/issues/8893, package doctrine/orm) at C:\\\\Users\\\\EAA\\\\Desktop\\\\it_training\\\\vendor\\\\doctrine\\\\deprecations\\\\src\\\\Deprecation.php:208)\"} []\n[2025-07-10T06:45:19.940892+00:00] deprecation.INFO: User Deprecated: Relying on non-optimal defaults for ID generation is deprecated, and IDENTITY results in SERIAL, which is not recommended. Instead, configure identifier generation strategies explicitly through configuration. We currently recommend \"SEQUENCE\" for \"Doctrine\\DBAL\\Platforms\\PostgreSQLPlatform\", when using DBAL 3, and \"IDENTITY\" when using DBAL 4, so you should probably use the following configuration before upgrading to DBAL 4, and remove it after deploying that upgrade:  $configuration->setIdentityGenerationPreferences([     \"Doctrine\\DBAL\\Platforms\\PostgreSQLPlatform\" => ClassMetadata::GENERATOR_TYPE_SEQUENCE, ]);  (ClassMetadataFactory.php:640 called by ClassMetadataFactory.php:550, https://github.com/doctrine/orm/issues/8893, package doctrine/orm) {\"exception\":\"[object] (ErrorException(code: 0): User Deprecated: Relying on non-optimal defaults for ID generation is deprecated, and IDENTITY\\nresults in SERIAL, which is not recommended.\\nInstead, configure identifier generation strategies explicitly through\\nconfiguration.\\nWe currently recommend \\\"SEQUENCE\\\" for \\\"Doctrine\\\\DBAL\\\\Platforms\\\\PostgreSQLPlatform\\\", when using DBAL 3,\\nand \\\"IDENTITY\\\" when using DBAL 4,\\nso you should probably use the following configuration before upgrading to DBAL 4,\\nand remove it after deploying that upgrade:\\n\\n$configuration->setIdentityGenerationPreferences([\\n    \\\"Doctrine\\\\DBAL\\\\Platforms\\\\PostgreSQLPlatform\\\" => ClassMetadata::GENERATOR_TYPE_SEQUENCE,\\n]);\\n (ClassMetadataFactory.php:640 called by ClassMetadataFactory.php:550, https://github.com/doctrine/orm/issues/8893, package doctrine/orm) at C:\\\\Users\\\\EAA\\\\Desktop\\\\it_training\\\\vendor\\\\doctrine\\\\deprecations\\\\src\\\\Deprecation.php:208)\"} []\n[2025-07-10T06:46:44.834241+00:00] deprecation.INFO: User Deprecated: Relying on non-optimal defaults for ID generation is deprecated, and IDENTITY results in SERIAL, which is not recommended. Instead, configure identifier generation strategies explicitly through configuration. We currently recommend \"SEQUENCE\" for \"Doctrine\\DBAL\\Platforms\\PostgreSQLPlatform\", when using DBAL 3, and \"IDENTITY\" when using DBAL 4, so you should probably use the following configuration before upgrading to DBAL 4, and remove it after deploying that upgrade:  $configuration->setIdentityGenerationPreferences([     \"Doctrine\\DBAL\\Platforms\\PostgreSQLPlatform\" => ClassMetadata::GENERATOR_TYPE_SEQUENCE, ]);  (ClassMetadataFactory.php:640 called by ClassMetadataFactory.php:550, https://github.com/doctrine/orm/issues/8893, package doctrine/orm) {\"exception\":\"[object] (ErrorException(code: 0): User Deprecated: Relying on non-optimal defaults for ID generation is deprecated, and IDENTITY\\nresults in SERIAL, which is not recommended.\\nInstead, configure identifier generation strategies explicitly through\\nconfiguration.\\nWe currently recommend \\\"SEQUENCE\\\" for \\\"Doctrine\\\\DBAL\\\\Platforms\\\\PostgreSQLPlatform\\\", when using DBAL 3,\\nand \\\"IDENTITY\\\" when using DBAL 4,\\nso you should probably use the following configuration before upgrading to DBAL 4,\\nand remove it after deploying that upgrade:\\n\\n$configuration->setIdentityGenerationPreferences([\\n    \\\"Doctrine\\\\DBAL\\\\Platforms\\\\PostgreSQLPlatform\\\" => ClassMetadata::GENERATOR_TYPE_SEQUENCE,\\n]);\\n (ClassMetadataFactory.php:640 called by ClassMetadataFactory.php:550, https://github.com/doctrine/orm/issues/8893, package doctrine/orm) at C:\\\\Users\\\\EAA\\\\Desktop\\\\it_training\\\\vendor\\\\doctrine\\\\deprecations\\\\src\\\\Deprecation.php:208)\"} []\n[2025-07-10T06:48:00.364383+00:00] deprecation.INFO: User Deprecated: Relying on non-optimal defaults for ID generation is deprecated, and IDENTITY results in SERIAL, which is not recommended. Instead, configure identifier generation strategies explicitly through configuration. We currently recommend \"SEQUENCE\" for \"Doctrine\\DBAL\\Platforms\\PostgreSQLPlatform\", when using DBAL 3, and \"IDENTITY\" when using DBAL 4, so you should probably use the following configuration before upgrading to DBAL 4, and remove it after deploying that upgrade:  $configuration->setIdentityGenerationPreferences([     \"Doctrine\\DBAL\\Platforms\\PostgreSQLPlatform\" => ClassMetadata::GENERATOR_TYPE_SEQUENCE, ]);  (ClassMetadataFactory.php:640 called by ClassMetadataFactory.php:550, https://github.com/doctrine/orm/issues/8893, package doctrine/orm) {\"exception\":\"[object] (ErrorException(code: 0): User Deprecated: Relying on non-optimal defaults for ID generation is deprecated, and IDENTITY\\nresults in SERIAL, which is not recommended.\\nInstead, configure identifier generation strategies explicitly through\\nconfiguration.\\nWe currently recommend \\\"SEQUENCE\\\" for \\\"Doctrine\\\\DBAL\\\\Platforms\\\\PostgreSQLPlatform\\\", when using DBAL 3,\\nand \\\"IDENTITY\\\" when using DBAL 4,\\nso you should probably use the following configuration before upgrading to DBAL 4,\\nand remove it after deploying that upgrade:\\n\\n$configuration->setIdentityGenerationPreferences([\\n    \\\"Doctrine\\\\DBAL\\\\Platforms\\\\PostgreSQLPlatform\\\" => ClassMetadata::GENERATOR_TYPE_SEQUENCE,\\n]);\\n (ClassMetadataFactory.php:640 called by ClassMetadataFactory.php:550, https://github.com/doctrine/orm/issues/8893, package doctrine/orm) at C:\\\\Users\\\\EAA\\\\Desktop\\\\it_training\\\\vendor\\\\doctrine\\\\deprecations\\\\src\\\\Deprecation.php:208)\"} []\n[2025-07-10T06:49:05.262617+00:00] deprecation.INFO: User Deprecated: Relying on non-optimal defaults for ID generation is deprecated, and IDENTITY results in SERIAL, which is not recommended. Instead, configure identifier generation strategies explicitly through configuration. We currently recommend \"SEQUENCE\" for \"Doctrine\\DBAL\\Platforms\\PostgreSQLPlatform\", when using DBAL 3, and \"IDENTITY\" when using DBAL 4, so you should probably use the following configuration before upgrading to DBAL 4, and remove it after deploying that upgrade:  $configuration->setIdentityGenerationPreferences([     \"Doctrine\\DBAL\\Platforms\\PostgreSQLPlatform\" => ClassMetadata::GENERATOR_TYPE_SEQUENCE, ]);  (ClassMetadataFactory.php:640 called by ClassMetadataFactory.php:550, https://github.com/doctrine/orm/issues/8893, package doctrine/orm) {\"exception\":\"[object] (ErrorException(code: 0): User Deprecated: Relying on non-optimal defaults for ID generation is deprecated, and IDENTITY\\nresults in SERIAL, which is not recommended.\\nInstead, configure identifier generation strategies explicitly through\\nconfiguration.\\nWe currently recommend \\\"SEQUENCE\\\" for \\\"Doctrine\\\\DBAL\\\\Platforms\\\\PostgreSQLPlatform\\\", when using DBAL 3,\\nand \\\"IDENTITY\\\" when using DBAL 4,\\nso you should probably use the following configuration before upgrading to DBAL 4,\\nand remove it after deploying that upgrade:\\n\\n$configuration->setIdentityGenerationPreferences([\\n    \\\"Doctrine\\\\DBAL\\\\Platforms\\\\PostgreSQLPlatform\\\" => ClassMetadata::GENERATOR_TYPE_SEQUENCE,\\n]);\\n (ClassMetadataFactory.php:640 called by ClassMetadataFactory.php:550, https://github.com/doctrine/orm/issues/8893, package doctrine/orm) at C:\\\\Users\\\\EAA\\\\Desktop\\\\it_training\\\\vendor\\\\doctrine\\\\deprecations\\\\src\\\\Deprecation.php:208)\"} []\n[2025-07-10T06:56:01.150187+00:00] deprecation.INFO: User Deprecated: Relying on non-optimal defaults for ID generation is deprecated, and IDENTITY results in SERIAL, which is not recommended. Instead, configure identifier generation strategies explicitly through configuration. We currently recommend \"SEQUENCE\" for \"Doctrine\\DBAL\\Platforms\\PostgreSQLPlatform\", when using DBAL 3, and \"IDENTITY\" when using DBAL 4, so you should probably use the following configuration before upgrading to DBAL 4, and remove it after deploying that upgrade:  $configuration->setIdentityGenerationPreferences([     \"Doctrine\\DBAL\\Platforms\\PostgreSQLPlatform\" => ClassMetadata::GENERATOR_TYPE_SEQUENCE, ]);  (ClassMetadataFactory.php:640 called by ClassMetadataFactory.php:550, https://github.com/doctrine/orm/issues/8893, package doctrine/orm) {\"exception\":\"[object] (ErrorException(code: 0): User Deprecated: Relying on non-optimal defaults for ID generation is deprecated, and IDENTITY\\nresults in SERIAL, which is not recommended.\\nInstead, configure identifier generation strategies explicitly through\\nconfiguration.\\nWe currently recommend \\\"SEQUENCE\\\" for \\\"Doctrine\\\\DBAL\\\\Platforms\\\\PostgreSQLPlatform\\\", when using DBAL 3,\\nand \\\"IDENTITY\\\" when using DBAL 4,\\nso you should probably use the following configuration before upgrading to DBAL 4,\\nand remove it after deploying that upgrade:\\n\\n$configuration->setIdentityGenerationPreferences([\\n    \\\"Doctrine\\\\DBAL\\\\Platforms\\\\PostgreSQLPlatform\\\" => ClassMetadata::GENERATOR_TYPE_SEQUENCE,\\n]);\\n (ClassMetadataFactory.php:640 called by ClassMetadataFactory.php:550, https://github.com/doctrine/orm/issues/8893, package doctrine/orm) at C:\\\\Users\\\\EAA\\\\Desktop\\\\it_training\\\\vendor\\\\doctrine\\\\deprecations\\\\src\\\\Deprecation.php:208)\"} []\n[2025-07-10T06:56:39.940105+00:00] deprecation.INFO: User Deprecated: Relying on non-optimal defaults for ID generation is deprecated, and IDENTITY results in SERIAL, which is not recommended. Instead, configure identifier generation strategies explicitly through configuration. We currently recommend \"SEQUENCE\" for \"Doctrine\\DBAL\\Platforms\\PostgreSQLPlatform\", when using DBAL 3, and \"IDENTITY\" when using DBAL 4, so you should probably use the following configuration before upgrading to DBAL 4, and remove it after deploying that upgrade:  $configuration->setIdentityGenerationPreferences([     \"Doctrine\\DBAL\\Platforms\\PostgreSQLPlatform\" => ClassMetadata::GENERATOR_TYPE_SEQUENCE, ]);  (ClassMetadataFactory.php:640 called by ClassMetadataFactory.php:550, https://github.com/doctrine/orm/issues/8893, package doctrine/orm) {\"exception\":\"[object] (ErrorException(code: 0): User Deprecated: Relying on non-optimal defaults for ID generation is deprecated, and IDENTITY\\nresults in SERIAL, which is not recommended.\\nInstead, configure identifier generation strategies explicitly through\\nconfiguration.\\nWe currently recommend \\\"SEQUENCE\\\" for \\\"Doctrine\\\\DBAL\\\\Platforms\\\\PostgreSQLPlatform\\\", when using DBAL 3,\\nand \\\"IDENTITY\\\" when using DBAL 4,\\nso you should probably use the following configuration before upgrading to DBAL 4,\\nand remove it after deploying that upgrade:\\n\\n$configuration->setIdentityGenerationPreferences([\\n    \\\"Doctrine\\\\DBAL\\\\Platforms\\\\PostgreSQLPlatform\\\" => ClassMetadata::GENERATOR_TYPE_SEQUENCE,\\n]);\\n (ClassMetadataFactory.php:640 called by ClassMetadataFactory.php:550, https://github.com/doctrine/orm/issues/8893, package doctrine/orm) at C:\\\\Users\\\\EAA\\\\Desktop\\\\it_training\\\\vendor\\\\doctrine\\\\deprecations\\\\src\\\\Deprecation.php:208)\"} []\n[2025-07-10T06:58:48.038209+00:00] deprecation.INFO: User Deprecated: Relying on non-optimal defaults for ID generation is deprecated, and IDENTITY results in SERIAL, which is not recommended. Instead, configure identifier generation strategies explicitly through configuration. We currently recommend \"SEQUENCE\" for \"Doctrine\\DBAL\\Platforms\\PostgreSQLPlatform\", when using DBAL 3, and \"IDENTITY\" when using DBAL 4, so you should probably use the following configuration before upgrading to DBAL 4, and remove it after deploying that upgrade:  $configuration->setIdentityGenerationPreferences([     \"Doctrine\\DBAL\\Platforms\\PostgreSQLPlatform\" => ClassMetadata::GENERATOR_TYPE_SEQUENCE, ]);  (ClassMetadataFactory.php:640 called by ClassMetadataFactory.php:550, https://github.com/doctrine/orm/issues/8893, package doctrine/orm) {\"exception\":\"[object] (ErrorException(code: 0): User Deprecated: Relying on non-optimal defaults for ID generation is deprecated, and IDENTITY\\nresults in SERIAL, which is not recommended.\\nInstead, configure identifier generation strategies explicitly through\\nconfiguration.\\nWe currently recommend \\\"SEQUENCE\\\" for \\\"Doctrine\\\\DBAL\\\\Platforms\\\\PostgreSQLPlatform\\\", when using DBAL 3,\\nand \\\"IDENTITY\\\" when using DBAL 4,\\nso you should probably use the following configuration before upgrading to DBAL 4,\\nand remove it after deploying that upgrade:\\n\\n$configuration->setIdentityGenerationPreferences([\\n    \\\"Doctrine\\\\DBAL\\\\Platforms\\\\PostgreSQLPlatform\\\" => ClassMetadata::GENERATOR_TYPE_SEQUENCE,\\n]);\\n (ClassMetadataFactory.php:640 called by ClassMetadataFactory.php:550, https://github.com/doctrine/orm/issues/8893, package doctrine/orm) at C:\\\\Users\\\\EAA\\\\Desktop\\\\it_training\\\\vendor\\\\doctrine\\\\deprecations\\\\src\\\\Deprecation.php:208)\"} []\n[2025-07-10T06:59:52.701466+00:00] deprecation.INFO: User Deprecated: Relying on non-optimal defaults for ID generation is deprecated, and IDENTITY results in SERIAL, which is not recommended. Instead, configure identifier generation strategies explicitly through configuration. We currently recommend \"SEQUENCE\" for \"Doctrine\\DBAL\\Platforms\\PostgreSQLPlatform\", when using DBAL 3, and \"IDENTITY\" when using DBAL 4, so you should probably use the following configuration before upgrading to DBAL 4, and remove it after deploying that upgrade:  $configuration->setIdentityGenerationPreferences([     \"Doctrine\\DBAL\\Platforms\\PostgreSQLPlatform\" => ClassMetadata::GENERATOR_TYPE_SEQUENCE, ]);  (ClassMetadataFactory.php:640 called by ClassMetadataFactory.php:550, https://github.com/doctrine/orm/issues/8893, package doctrine/orm) {\"exception\":\"[object] (ErrorException(code: 0): User Deprecated: Relying on non-optimal defaults for ID generation is deprecated, and IDENTITY\\nresults in SERIAL, which is not recommended.\\nInstead, configure identifier generation strategies explicitly through\\nconfiguration.\\nWe currently recommend \\\"SEQUENCE\\\" for \\\"Doctrine\\\\DBAL\\\\Platforms\\\\PostgreSQLPlatform\\\", when using DBAL 3,\\nand \\\"IDENTITY\\\" when using DBAL 4,\\nso you should probably use the following configuration before upgrading to DBAL 4,\\nand remove it after deploying that upgrade:\\n\\n$configuration->setIdentityGenerationPreferences([\\n    \\\"Doctrine\\\\DBAL\\\\Platforms\\\\PostgreSQLPlatform\\\" => ClassMetadata::GENERATOR_TYPE_SEQUENCE,\\n]);\\n (ClassMetadataFactory.php:640 called by ClassMetadataFactory.php:550, https://github.com/doctrine/orm/issues/8893, package doctrine/orm) at C:\\\\Users\\\\EAA\\\\Desktop\\\\it_training\\\\vendor\\\\doctrine\\\\deprecations\\\\src\\\\Deprecation.php:208)\"} []\n[2025-07-10T07:00:08.757195+00:00] doctrine.INFO: Connecting with parameters array{\"use_savepoints\":true,\"driver\":\"pdo_pgsql\",\"idle_connection_ttl\":600,\"host\":\"127.0.0.1\",\"port\":5432,\"user\":\"app\",\"password\":\"<redacted>\",\"driverOptions\":[],\"defaultTableOptions\":[],\"dbname\":\"app\",\"serverVersion\":\"16\",\"charset\":\"utf8\"} {\"params\":{\"use_savepoints\":true,\"driver\":\"pdo_pgsql\",\"idle_connection_ttl\":600,\"host\":\"127.0.0.1\",\"port\":5432,\"user\":\"app\",\"password\":\"<redacted>\",\"driverOptions\":[],\"defaultTableOptions\":[],\"dbname\":\"app\",\"serverVersion\":\"16\",\"charset\":\"utf8\"}} []\n[2025-07-10T07:00:08.974930+00:00] console.CRITICAL: Error thrown while running command \"make:migration\". Message: \"An exception occurred in the driver: could not find driver\" {\"exception\":\"[object] (Doctrine\\\\DBAL\\\\Exception\\\\DriverException(code: 0): An exception occurred in the driver: could not find driver at C:\\\\Users\\\\EAA\\\\Desktop\\\\it_training\\\\vendor\\\\doctrine\\\\dbal\\\\src\\\\Driver\\\\API\\\\PostgreSQL\\\\ExceptionConverter.php:87)\\n[previous exception] [object] (Doctrine\\\\DBAL\\\\Driver\\\\PDO\\\\Exception(code: 0): could not find driver at C:\\\\Users\\\\EAA\\\\Desktop\\\\it_training\\\\vendor\\\\doctrine\\\\dbal\\\\src\\\\Driver\\\\PDO\\\\Exception.php:24)\\n[previous exception] [object] (PDOException(code: 0): could not find driver at C:\\\\Users\\\\EAA\\\\Desktop\\\\it_training\\\\vendor\\\\doctrine\\\\dbal\\\\src\\\\Driver\\\\PDO\\\\PgSQL\\\\Driver.php:35)\",\"command\":\"make:migration\",\"message\":\"An exception occurred in the driver: could not find driver\"} []\n[2025-07-10T07:00:08.975439+00:00] console.DEBUG: Command \"make:migration\" exited with code \"1\" {\"command\":\"make:migration\",\"code\":1} []\n[2025-07-10T07:00:12.727116+00:00] doctrine.INFO: Connecting with parameters array{\"use_savepoints\":true,\"driver\":\"pdo_pgsql\",\"idle_connection_ttl\":600,\"host\":\"127.0.0.1\",\"port\":5432,\"user\":\"app\",\"password\":\"<redacted>\",\"driverOptions\":[],\"defaultTableOptions\":[],\"dbname\":\"app\",\"serverVersion\":\"16\",\"charset\":\"utf8\"} {\"params\":{\"use_savepoints\":true,\"driver\":\"pdo_pgsql\",\"idle_connection_ttl\":600,\"host\":\"127.0.0.1\",\"port\":5432,\"user\":\"app\",\"password\":\"<redacted>\",\"driverOptions\":[],\"defaultTableOptions\":[],\"dbname\":\"app\",\"serverVersion\":\"16\",\"charset\":\"utf8\"}} []\n[2025-07-10T07:00:12.732421+00:00] console.CRITICAL: Error thrown while running command \"doctrine:migrations:migrate\". Message: \"An exception occurred in the driver: could not find driver\" {\"exception\":\"[object] (Doctrine\\\\DBAL\\\\Exception\\\\DriverException(code: 0): An exception occurred in the driver: could not find driver at C:\\\\Users\\\\EAA\\\\Desktop\\\\it_training\\\\vendor\\\\doctrine\\\\dbal\\\\src\\\\Driver\\\\API\\\\PostgreSQL\\\\ExceptionConverter.php:87)\\n[previous exception] [object] (Doctrine\\\\DBAL\\\\Driver\\\\PDO\\\\Exception(code: 0): could not find driver at C:\\\\Users\\\\EAA\\\\Desktop\\\\it_training\\\\vendor\\\\doctrine\\\\dbal\\\\src\\\\Driver\\\\PDO\\\\Exception.php:24)\\n[previous exception] [object] (PDOException(code: 0): could not find driver at C:\\\\Users\\\\EAA\\\\Desktop\\\\it_training\\\\vendor\\\\doctrine\\\\dbal\\\\src\\\\Driver\\\\PDO\\\\PgSQL\\\\Driver.php:35)\",\"command\":\"doctrine:migrations:migrate\",\"message\":\"An exception occurred in the driver: could not find driver\"} []\n[2025-07-10T07:00:12.732808+00:00] console.DEBUG: Command \"doctrine:migrations:migrate\" exited with code \"1\" {\"command\":\"doctrine:migrations:migrate\",\"code\":1} []\n[2025-07-10T07:02:13.602244+00:00] doctrine.INFO: Connecting with parameters array{\"use_savepoints\":true,\"driver\":\"pdo_pgsql\",\"idle_connection_ttl\":600,\"host\":\"127.0.0.1\",\"port\":5432,\"user\":\"app\",\"password\":\"<redacted>\",\"driverOptions\":[],\"defaultTableOptions\":[],\"dbname\":\"app\",\"serverVersion\":\"16\",\"charset\":\"utf8\"} {\"params\":{\"use_savepoints\":true,\"driver\":\"pdo_pgsql\",\"idle_connection_ttl\":600,\"host\":\"127.0.0.1\",\"port\":5432,\"user\":\"app\",\"password\":\"<redacted>\",\"driverOptions\":[],\"defaultTableOptions\":[],\"dbname\":\"app\",\"serverVersion\":\"16\",\"charset\":\"utf8\"}} []\n[2025-07-10T07:02:13.607628+00:00] console.CRITICAL: Error thrown while running command \"make:migration\". Message: \"An exception occurred in the driver: could not find driver\" {\"exception\":\"[object] (Doctrine\\\\DBAL\\\\Exception\\\\DriverException(code: 0): An exception occurred in the driver: could not find driver at C:\\\\Users\\\\EAA\\\\Desktop\\\\it_training\\\\vendor\\\\doctrine\\\\dbal\\\\src\\\\Driver\\\\API\\\\PostgreSQL\\\\ExceptionConverter.php:87)\\n[previous exception] [object] (Doctrine\\\\DBAL\\\\Driver\\\\PDO\\\\Exception(code: 0): could not find driver at C:\\\\Users\\\\EAA\\\\Desktop\\\\it_training\\\\vendor\\\\doctrine\\\\dbal\\\\src\\\\Driver\\\\PDO\\\\Exception.php:24)\\n[previous exception] [object] (PDOException(code: 0): could not find driver at C:\\\\Users\\\\EAA\\\\Desktop\\\\it_training\\\\vendor\\\\doctrine\\\\dbal\\\\src\\\\Driver\\\\PDO\\\\PgSQL\\\\Driver.php:35)\",\"command\":\"make:migration\",\"message\":\"An exception occurred in the driver: could not find driver\"} []\n[2025-07-10T07:02:13.608004+00:00] console.DEBUG: Command \"make:migration\" exited with code \"1\" {\"command\":\"make:migration\",\"code\":1} []\n[2025-07-10T07:04:49.454024+00:00] doctrine.INFO: Connecting with parameters array{\"use_savepoints\":true,\"driver\":\"pdo_pgsql\",\"idle_connection_ttl\":600,\"host\":\"127.0.0.1\",\"port\":5432,\"user\":\"app\",\"password\":\"<redacted>\",\"driverOptions\":[],\"defaultTableOptions\":[],\"serverVersion\":\"16\",\"charset\":\"utf8\",\"dbname\":\"postgres\"} {\"params\":{\"use_savepoints\":true,\"driver\":\"pdo_pgsql\",\"idle_connection_ttl\":600,\"host\":\"127.0.0.1\",\"port\":5432,\"user\":\"app\",\"password\":\"<redacted>\",\"driverOptions\":[],\"defaultTableOptions\":[],\"serverVersion\":\"16\",\"charset\":\"utf8\",\"dbname\":\"postgres\"}} []\n[2025-07-10T07:04:49.459663+00:00] console.DEBUG: Command \"doctrine:database:create\" exited with code \"1\" {\"command\":\"doctrine:database:create\",\"code\":1} []\n[2025-07-10T07:05:20.029333+00:00] doctrine.INFO: Connecting with parameters array{\"use_savepoints\":true,\"driver\":\"pdo_mysql\",\"idle_connection_ttl\":600,\"host\":\"127.0.0.1\",\"port\":3306,\"user\":\"root\",\"password\":null,\"driverOptions\":[],\"defaultTableOptions\":[],\"serverVersion\":\"8.0.32\",\"charset\":\"utf8mb4\"} {\"params\":{\"use_savepoints\":true,\"driver\":\"pdo_mysql\",\"idle_connection_ttl\":600,\"host\":\"127.0.0.1\",\"port\":3306,\"user\":\"root\",\"password\":null,\"driverOptions\":[],\"defaultTableOptions\":[],\"serverVersion\":\"8.0.32\",\"charset\":\"utf8mb4\"}} []\n[2025-07-10T07:05:20.159273+00:00] doctrine.DEBUG: Executing statement: CREATE DATABASE `it_training` {\"sql\":\"CREATE DATABASE `it_training`\"} []\n[2025-07-10T07:05:20.196596+00:00] doctrine.INFO: Disconnecting [] []\n[2025-07-10T07:05:20.197412+00:00] console.DEBUG: Command \"doctrine:database:create\" exited with code \"1\" {\"command\":\"doctrine:database:create\",\"code\":1} []\n[2025-07-10T07:05:47.794358+00:00] doctrine.INFO: Connecting with parameters array{\"use_savepoints\":true,\"driver\":\"pdo_mysql\",\"idle_connection_ttl\":600,\"host\":\"127.0.0.1\",\"port\":3306,\"user\":\"root\",\"password\":null,\"driverOptions\":[],\"defaultTableOptions\":[],\"serverVersion\":\"8.0.32\",\"charset\":\"utf8mb4\"} {\"params\":{\"use_savepoints\":true,\"driver\":\"pdo_mysql\",\"idle_connection_ttl\":600,\"host\":\"127.0.0.1\",\"port\":3306,\"user\":\"root\",\"password\":null,\"driverOptions\":[],\"defaultTableOptions\":[],\"serverVersion\":\"8.0.32\",\"charset\":\"utf8mb4\"}} []\n[2025-07-10T07:05:47.800205+00:00] doctrine.DEBUG: Executing statement: DROP DATABASE `it_training` {\"sql\":\"DROP DATABASE `it_training`\"} []\n[2025-07-10T07:05:47.990442+00:00] doctrine.INFO: Disconnecting [] []\n[2025-07-10T07:05:52.825899+00:00] doctrine.INFO: Connecting with parameters array{\"use_savepoints\":true,\"driver\":\"pdo_mysql\",\"idle_connection_ttl\":600,\"host\":\"127.0.0.1\",\"port\":3306,\"user\":\"root\",\"password\":null,\"driverOptions\":[],\"defaultTableOptions\":[],\"serverVersion\":\"8.0.32\",\"charset\":\"utf8mb4\"} {\"params\":{\"use_savepoints\":true,\"driver\":\"pdo_mysql\",\"idle_connection_ttl\":600,\"host\":\"127.0.0.1\",\"port\":3306,\"user\":\"root\",\"password\":null,\"driverOptions\":[],\"defaultTableOptions\":[],\"serverVersion\":\"8.0.32\",\"charset\":\"utf8mb4\"}} []\n[2025-07-10T07:05:52.831425+00:00] doctrine.DEBUG: Executing statement: CREATE DATABASE `it_training` {\"sql\":\"CREATE DATABASE `it_training`\"} []\n[2025-07-10T07:05:52.841273+00:00] doctrine.INFO: Disconnecting [] []\n[2025-07-10T07:06:02.524422+00:00] doctrine.INFO: Connecting with parameters array{\"use_savepoints\":true,\"driver\":\"pdo_mysql\",\"idle_connection_ttl\":600,\"host\":\"127.0.0.1\",\"port\":3306,\"user\":\"root\",\"password\":null,\"driverOptions\":[],\"defaultTableOptions\":[],\"dbname\":\"it_training\",\"serverVersion\":\"8.0.32\",\"charset\":\"utf8mb4\"} {\"params\":{\"use_savepoints\":true,\"driver\":\"pdo_mysql\",\"idle_connection_ttl\":600,\"host\":\"127.0.0.1\",\"port\":3306,\"user\":\"root\",\"password\":null,\"driverOptions\":[],\"defaultTableOptions\":[],\"dbname\":\"it_training\",\"serverVersion\":\"8.0.32\",\"charset\":\"utf8mb4\"}} []\n[2025-07-10T07:06:02.530419+00:00] doctrine.DEBUG: Executing query: SELECT DATABASE() {\"sql\":\"SELECT DATABASE()\"} []\n[2025-07-10T07:06:02.645497+00:00] doctrine.DEBUG: Executing statement: SELECT TABLE_NAME FROM information_schema.TABLES WHERE TABLE_SCHEMA = ?   AND TABLE_TYPE = 'BASE TABLE' ORDER BY TABLE_NAME (parameters: array{\"1\":\"it_training\"}, types: array{\"1\":2}) {\"sql\":\"SELECT TABLE_NAME\\nFROM information_schema.TABLES\\nWHERE TABLE_SCHEMA = ?\\n  AND TABLE_TYPE = 'BASE TABLE'\\nORDER BY TABLE_NAME\",\"params\":{\"1\":\"it_training\"},\"types\":{\"1\":2}} []\n[2025-07-10T07:06:02.712725+00:00] doctrine.DEBUG: Executing query: SELECT DATABASE() {\"sql\":\"SELECT DATABASE()\"} []\n[2025-07-10T07:06:02.713070+00:00] doctrine.DEBUG: Executing statement: SELECT TABLE_NAME FROM information_schema.TABLES WHERE TABLE_SCHEMA = ?   AND TABLE_TYPE = 'BASE TABLE' ORDER BY TABLE_NAME (parameters: array{\"1\":\"it_training\"}, types: array{\"1\":2}) {\"sql\":\"SELECT TABLE_NAME\\nFROM information_schema.TABLES\\nWHERE TABLE_SCHEMA = ?\\n  AND TABLE_TYPE = 'BASE TABLE'\\nORDER BY TABLE_NAME\",\"params\":{\"1\":\"it_training\"},\"types\":{\"1\":2}} []\n[2025-07-10T07:06:02.813009+00:00] doctrine.DEBUG: Executing query: SELECT DATABASE() {\"sql\":\"SELECT DATABASE()\"} []\n[2025-07-10T07:06:02.813373+00:00] doctrine.DEBUG: Executing statement: SELECT c.TABLE_NAME,       c.COLUMN_NAME        AS field,        c.COLUMN_TYPE       AS type,        c.IS_NULLABLE        AS `null`,        c.COLUMN_KEY         AS `key`,        c.COLUMN_DEFAULT     AS `default`,        c.EXTRA,        c.COLUMN_COMMENT     AS comment,        c.CHARACTER_SET_NAME AS characterset,        c.COLLATION_NAME     AS collation FROM information_schema.COLUMNS c     INNER JOIN information_schema.TABLES t         ON t.TABLE_NAME = c.TABLE_NAME      WHERE c.TABLE_SCHEMA = ? AND t.TABLE_SCHEMA = ? AND t.TABLE_TYPE = 'BASE TABLE' ORDER BY ORDINAL_POSITION (parameters: array{\"1\":\"it_training\",\"2\":\"it_training\"}, types: array{\"1\":2,\"2\":2}) {\"sql\":\"SELECT c.TABLE_NAME,       c.COLUMN_NAME        AS field,\\n       c.COLUMN_TYPE       AS type,\\n       c.IS_NULLABLE        AS `null`,\\n       c.COLUMN_KEY         AS `key`,\\n       c.COLUMN_DEFAULT     AS `default`,\\n       c.EXTRA,\\n       c.COLUMN_COMMENT     AS comment,\\n       c.CHARACTER_SET_NAME AS characterset,\\n       c.COLLATION_NAME     AS collation\\nFROM information_schema.COLUMNS c\\n    INNER JOIN information_schema.TABLES t\\n        ON t.TABLE_NAME = c.TABLE_NAME\\n     WHERE c.TABLE_SCHEMA = ? AND t.TABLE_SCHEMA = ? AND t.TABLE_TYPE = 'BASE TABLE' ORDER BY ORDINAL_POSITION\",\"params\":{\"1\":\"it_training\",\"2\":\"it_training\"},\"types\":{\"1\":2,\"2\":2}} []\n[2025-07-10T07:06:02.819647+00:00] doctrine.DEBUG: Executing statement: SELECT TABLE_NAME,        NON_UNIQUE  AS Non_Unique,         INDEX_NAME  AS Key_name,         COLUMN_NAME AS Column_Name,         SUB_PART    AS Sub_Part,         INDEX_TYPE  AS Index_Type FROM information_schema.STATISTICS WHERE TABLE_SCHEMA = ? ORDER BY SEQ_IN_INDEX (parameters: array{\"1\":\"it_training\"}, types: array{\"1\":2}) {\"sql\":\"SELECT TABLE_NAME,        NON_UNIQUE  AS Non_Unique,\\n        INDEX_NAME  AS Key_name,\\n        COLUMN_NAME AS Column_Name,\\n        SUB_PART    AS Sub_Part,\\n        INDEX_TYPE  AS Index_Type\\nFROM information_schema.STATISTICS WHERE TABLE_SCHEMA = ? ORDER BY SEQ_IN_INDEX\",\"params\":{\"1\":\"it_training\"},\"types\":{\"1\":2}} []\n[2025-07-10T07:06:02.820999+00:00] doctrine.DEBUG: Executing statement: SELECT DISTINCT k.TABLE_NAME,            k.CONSTRAINT_NAME,             k.COLUMN_NAME,             k.REFERENCED_TABLE_NAME,             k.REFERENCED_COLUMN_NAME,             k.ORDINAL_POSITION /*!50116,             c.UPDATE_RULE,             c.DELETE_RULE */ FROM information_schema.key_column_usage k /*!50116 INNER JOIN information_schema.referential_constraints c ON c.CONSTRAINT_NAME = k.CONSTRAINT_NAME AND c.TABLE_NAME = k.TABLE_NAME */ WHERE k.TABLE_SCHEMA = ? AND k.REFERENCED_COLUMN_NAME IS NOT NULL /*!50116 AND c.CONSTRAINT_SCHEMA = 'it_training' */ ORDER BY k.ORDINAL_POSITION (parameters: array{\"1\":\"it_training\"}, types: array{\"1\":2}) {\"sql\":\"SELECT DISTINCT k.TABLE_NAME,            k.CONSTRAINT_NAME,\\n            k.COLUMN_NAME,\\n            k.REFERENCED_TABLE_NAME,\\n            k.REFERENCED_COLUMN_NAME,\\n            k.ORDINAL_POSITION /*!50116,\\n            c.UPDATE_RULE,\\n            c.DELETE_RULE */\\nFROM information_schema.key_column_usage k /*!50116\\nINNER JOIN information_schema.referential_constraints c\\nON c.CONSTRAINT_NAME = k.CONSTRAINT_NAME\\nAND c.TABLE_NAME = k.TABLE_NAME */ WHERE k.TABLE_SCHEMA = ? AND k.REFERENCED_COLUMN_NAME IS NOT NULL /*!50116 AND c.CONSTRAINT_SCHEMA = 'it_training' */ ORDER BY k.ORDINAL_POSITION\",\"params\":{\"1\":\"it_training\"},\"types\":{\"1\":2}} []\n[2025-07-10T07:06:02.823075+00:00] doctrine.DEBUG: Executing statement:     SELECT t.TABLE_NAME,            t.ENGINE,            t.AUTO_INCREMENT,            t.TABLE_COMMENT,            t.CREATE_OPTIONS,            t.TABLE_COLLATION,            ccsa.CHARACTER_SET_NAME       FROM information_schema.TABLES t         INNER JOIN information_schema.COLLATION_CHARACTER_SET_APPLICABILITY ccsa           ON ccsa.COLLATION_NAME = t.TABLE_COLLATION WHERE t.TABLE_SCHEMA = ? AND t.TABLE_TYPE = 'BASE TABLE' (parameters: array{\"1\":\"it_training\"}, types: array{\"1\":2}) {\"sql\":\"    SELECT t.TABLE_NAME,\\n           t.ENGINE,\\n           t.AUTO_INCREMENT,\\n           t.TABLE_COMMENT,\\n           t.CREATE_OPTIONS,\\n           t.TABLE_COLLATION,\\n           ccsa.CHARACTER_SET_NAME\\n      FROM information_schema.TABLES t\\n        INNER JOIN information_schema.COLLATION_CHARACTER_SET_APPLICABILITY ccsa\\n          ON ccsa.COLLATION_NAME = t.TABLE_COLLATION WHERE t.TABLE_SCHEMA = ? AND t.TABLE_TYPE = 'BASE TABLE'\",\"params\":{\"1\":\"it_training\"},\"types\":{\"1\":2}} []\n[2025-07-10T07:06:02.890710+00:00] doctrine.DEBUG: Executing query: SELECT DATABASE() {\"sql\":\"SELECT DATABASE()\"} []\n[2025-07-10T07:06:02.950724+00:00] doctrine.DEBUG: Executing query: SELECT DATABASE() {\"sql\":\"SELECT DATABASE()\"} []\n[2025-07-10T07:06:03.348553+00:00] deprecation.INFO: User Deprecated: Subscribing to onSchemaCreateTable events is deprecated. (AbstractPlatform.php:2195 called by AbstractPlatform.php:2110, https://github.com/doctrine/dbal/issues/5784, package doctrine/dbal) {\"exception\":\"[object] (ErrorException(code: 0): User Deprecated: Subscribing to onSchemaCreateTable events is deprecated. (AbstractPlatform.php:2195 called by AbstractPlatform.php:2110, https://github.com/doctrine/dbal/issues/5784, package doctrine/dbal) at C:\\\\Users\\\\EAA\\\\Desktop\\\\it_training\\\\vendor\\\\doctrine\\\\deprecations\\\\src\\\\Deprecation.php:208)\"} []\n[2025-07-10T07:06:03.402937+00:00] doctrine.INFO: Disconnecting [] []\n[2025-07-10T07:06:07.427871+00:00] doctrine.INFO: Connecting with parameters array{\"use_savepoints\":true,\"driver\":\"pdo_mysql\",\"idle_connection_ttl\":600,\"host\":\"127.0.0.1\",\"port\":3306,\"user\":\"root\",\"password\":null,\"driverOptions\":[],\"defaultTableOptions\":[],\"dbname\":\"it_training\",\"serverVersion\":\"8.0.32\",\"charset\":\"utf8mb4\"} {\"params\":{\"use_savepoints\":true,\"driver\":\"pdo_mysql\",\"idle_connection_ttl\":600,\"host\":\"127.0.0.1\",\"port\":3306,\"user\":\"root\",\"password\":null,\"driverOptions\":[],\"defaultTableOptions\":[],\"dbname\":\"it_training\",\"serverVersion\":\"8.0.32\",\"charset\":\"utf8mb4\"}} []\n[2025-07-10T07:06:07.433627+00:00] doctrine.DEBUG: Executing query: SELECT DATABASE() {\"sql\":\"SELECT DATABASE()\"} []\n[2025-07-10T07:06:10.078906+00:00] doctrine.DEBUG: Executing query: SELECT DATABASE() {\"sql\":\"SELECT DATABASE()\"} []\n[2025-07-10T07:06:10.079994+00:00] doctrine.DEBUG: Executing statement: SELECT TABLE_NAME FROM information_schema.TABLES WHERE TABLE_SCHEMA = ?   AND TABLE_TYPE = 'BASE TABLE' ORDER BY TABLE_NAME (parameters: array{\"1\":\"it_training\"}, types: array{\"1\":2}) {\"sql\":\"SELECT TABLE_NAME\\nFROM information_schema.TABLES\\nWHERE TABLE_SCHEMA = ?\\n  AND TABLE_TYPE = 'BASE TABLE'\\nORDER BY TABLE_NAME\",\"params\":{\"1\":\"it_training\"},\"types\":{\"1\":2}} []\n[2025-07-10T07:06:10.092303+00:00] deprecation.INFO: User Deprecated: Subscribing to onSchemaCreateTable events is deprecated. (AbstractPlatform.php:2195 called by AbstractPlatform.php:2092, https://github.com/doctrine/dbal/issues/5784, package doctrine/dbal) {\"exception\":\"[object] (ErrorException(code: 0): User Deprecated: Subscribing to onSchemaCreateTable events is deprecated. (AbstractPlatform.php:2195 called by AbstractPlatform.php:2092, https://github.com/doctrine/dbal/issues/5784, package doctrine/dbal) at C:\\\\Users\\\\EAA\\\\Desktop\\\\it_training\\\\vendor\\\\doctrine\\\\deprecations\\\\src\\\\Deprecation.php:208)\"} []\n[2025-07-10T07:06:10.103290+00:00] doctrine.DEBUG: Executing statement: CREATE TABLE doctrine_migration_versions (version VARCHAR(191) NOT NULL, executed_at DATETIME DEFAULT NULL, execution_time INT DEFAULT NULL, PRIMARY KEY(version)) DEFAULT CHARACTER SET utf8 COLLATE `utf8_unicode_ci` ENGINE = InnoDB {\"sql\":\"CREATE TABLE doctrine_migration_versions (version VARCHAR(191) NOT NULL, executed_at DATETIME DEFAULT NULL, execution_time INT DEFAULT NULL, PRIMARY KEY(version)) DEFAULT CHARACTER SET utf8 COLLATE `utf8_unicode_ci` ENGINE = InnoDB\"} []\n[2025-07-10T07:06:10.219994+00:00] doctrine.DEBUG: Executing query: SELECT * FROM doctrine_migration_versions {\"sql\":\"SELECT * FROM doctrine_migration_versions\"} []\n[2025-07-10T07:06:10.223125+00:00] doctrine.DEBUG: Executing query: SELECT * FROM doctrine_migration_versions {\"sql\":\"SELECT * FROM doctrine_migration_versions\"} []\n[2025-07-10T07:06:10.223674+00:00] doctrine.DEBUG: Executing query: SELECT * FROM doctrine_migration_versions {\"sql\":\"SELECT * FROM doctrine_migration_versions\"} []\n[2025-07-10T07:06:10.496552+00:00] doctrine.DEBUG: Beginning transaction [] []\n[2025-07-10T07:06:10.535785+00:00] doctrine.DEBUG: Executing query: CREATE TABLE alerte (id INT AUTO_INCREMENT NOT NULL, monitoring_id INT DEFAULT NULL, message LONGTEXT NOT NULL, type VARCHAR(255) NOT NULL, datetime DATETIME NOT NULL, INDEX IDX_3AE753ADA4638B5 (monitoring_id), PRIMARY KEY(id)) DEFAULT CHARACTER SET utf8mb4 COLLATE `utf8mb4_unicode_ci` ENGINE = InnoDB {\"sql\":\"CREATE TABLE alerte (id INT AUTO_INCREMENT NOT NULL, monitoring_id INT DEFAULT NULL, message LONGTEXT NOT NULL, type VARCHAR(255) NOT NULL, datetime DATETIME NOT NULL, INDEX IDX_3AE753ADA4638B5 (monitoring_id), PRIMARY KEY(id)) DEFAULT CHARACTER SET utf8mb4 COLLATE `utf8mb4_unicode_ci` ENGINE = InnoDB\"} []\n[2025-07-10T07:06:10.571750+00:00] doctrine.DEBUG: Executing query: CREATE TABLE fiche_presence (id INT AUTO_INCREMENT NOT NULL, session_id INT DEFAULT NULL, stagiaire_id INT DEFAULT NULL, presence TINYINT(1) NOT NULL, commentaire LONGTEXT NOT NULL, INDEX IDX_F69FD34613FECDF (session_id), INDEX IDX_F69FD34BBA93DD6 (stagiaire_id), PRIMARY KEY(id)) DEFAULT CHARACTER SET utf8mb4 COLLATE `utf8mb4_unicode_ci` ENGINE = InnoDB {\"sql\":\"CREATE TABLE fiche_presence (id INT AUTO_INCREMENT NOT NULL, session_id INT DEFAULT NULL, stagiaire_id INT DEFAULT NULL, presence TINYINT(1) NOT NULL, commentaire LONGTEXT NOT NULL, INDEX IDX_F69FD34613FECDF (session_id), INDEX IDX_F69FD34BBA93DD6 (stagiaire_id), PRIMARY KEY(id)) DEFAULT CHARACTER SET utf8mb4 COLLATE `utf8mb4_unicode_ci` ENGINE = InnoDB\"} []\n[2025-07-10T07:06:10.612777+00:00] doctrine.DEBUG: Executing query: CREATE TABLE formateur (id INT AUTO_INCREMENT NOT NULL, nom VARCHAR(255) NOT NULL, prenom VARCHAR(255) NOT NULL, email VARCHAR(255) NOT NULL, cv LONGTEXT NOT NULL, note DOUBLE PRECISION NOT NULL, est_valide TINYINT(1) NOT NULL, PRIMARY KEY(id)) DEFAULT CHARACTER SET utf8mb4 COLLATE `utf8mb4_unicode_ci` ENGINE = InnoDB {\"sql\":\"CREATE TABLE formateur (id INT AUTO_INCREMENT NOT NULL, nom VARCHAR(255) NOT NULL, prenom VARCHAR(255) NOT NULL, email VARCHAR(255) NOT NULL, cv LONGTEXT NOT NULL, note DOUBLE PRECISION NOT NULL, est_valide TINYINT(1) NOT NULL, PRIMARY KEY(id)) DEFAULT CHARACTER SET utf8mb4 COLLATE `utf8mb4_unicode_ci` ENGINE = InnoDB\"} []\n[2025-07-10T07:06:10.657586+00:00] doctrine.DEBUG: Executing query: CREATE TABLE formation (id INT AUTO_INCREMENT NOT NULL, titre VARCHAR(255) NOT NULL, description LONGTEXT NOT NULL, prix DOUBLE PRECISION NOT NULL, duree INT NOT NULL, prerequis LONGTEXT NOT NULL, diplome_obtenu VARCHAR(255) NOT NULL, PRIMARY KEY(id)) DEFAULT CHARACTER SET utf8mb4 COLLATE `utf8mb4_unicode_ci` ENGINE = InnoDB {\"sql\":\"CREATE TABLE formation (id INT AUTO_INCREMENT NOT NULL, titre VARCHAR(255) NOT NULL, description LONGTEXT NOT NULL, prix DOUBLE PRECISION NOT NULL, duree INT NOT NULL, prerequis LONGTEXT NOT NULL, diplome_obtenu VARCHAR(255) NOT NULL, PRIMARY KEY(id)) DEFAULT CHARACTER SET utf8mb4 COLLATE `utf8mb4_unicode_ci` ENGINE = InnoDB\"} []\n[2025-07-10T07:06:10.700797+00:00] doctrine.DEBUG: Executing query: CREATE TABLE formation_theme (formation_id INT NOT NULL, theme_id INT NOT NULL, INDEX IDX_E1FE797D5200282E (formation_id), INDEX IDX_E1FE797D59027487 (theme_id), PRIMARY KEY(formation_id, theme_id)) DEFAULT CHARACTER SET utf8mb4 COLLATE `utf8mb4_unicode_ci` ENGINE = InnoDB {\"sql\":\"CREATE TABLE formation_theme (formation_id INT NOT NULL, theme_id INT NOT NULL, INDEX IDX_E1FE797D5200282E (formation_id), INDEX IDX_E1FE797D59027487 (theme_id), PRIMARY KEY(formation_id, theme_id)) DEFAULT CHARACTER SET utf8mb4 COLLATE `utf8mb4_unicode_ci` ENGINE = InnoDB\"} []\n[2025-07-10T07:06:10.743740+00:00] doctrine.DEBUG: Executing query: CREATE TABLE inscription (id INT AUTO_INCREMENT NOT NULL, stagiaire_id INT DEFAULT NULL, session_id INT DEFAULT NULL, entreprise VARCHAR(255) NOT NULL, statut VARCHAR(255) NOT NULL, INDEX IDX_5E90F6D6BBA93DD6 (stagiaire_id), INDEX IDX_5E90F6D6613FECDF (session_id), PRIMARY KEY(id)) DEFAULT CHARACTER SET utf8mb4 COLLATE `utf8mb4_unicode_ci` ENGINE = InnoDB {\"sql\":\"CREATE TABLE inscription (id INT AUTO_INCREMENT NOT NULL, stagiaire_id INT DEFAULT NULL, session_id INT DEFAULT NULL, entreprise VARCHAR(255) NOT NULL, statut VARCHAR(255) NOT NULL, INDEX IDX_5E90F6D6BBA93DD6 (stagiaire_id), INDEX IDX_5E90F6D6613FECDF (session_id), PRIMARY KEY(id)) DEFAULT CHARACTER SET utf8mb4 COLLATE `utf8mb4_unicode_ci` ENGINE = InnoDB\"} []\n[2025-07-10T07:06:10.785774+00:00] doctrine.DEBUG: Executing query: CREATE TABLE monitoring (id INT AUTO_INCREMENT NOT NULL, session_id INT DEFAULT NULL, statut VARCHAR(255) NOT NULL, INDEX IDX_BA4F975D613FECDF (session_id), PRIMARY KEY(id)) DEFAULT CHARACTER SET utf8mb4 COLLATE `utf8mb4_unicode_ci` ENGINE = InnoDB {\"sql\":\"CREATE TABLE monitoring (id INT AUTO_INCREMENT NOT NULL, session_id INT DEFAULT NULL, statut VARCHAR(255) NOT NULL, INDEX IDX_BA4F975D613FECDF (session_id), PRIMARY KEY(id)) DEFAULT CHARACTER SET utf8mb4 COLLATE `utf8mb4_unicode_ci` ENGINE = InnoDB\"} []\n[2025-07-10T07:06:10.819116+00:00] doctrine.DEBUG: Executing query: CREATE TABLE responsable (id INT AUTO_INCREMENT NOT NULL, email VARCHAR(180) NOT NULL, roles JSON NOT NULL, password VARCHAR(255) NOT NULL, nom VARCHAR(255) NOT NULL, prenom VARCHAR(255) NOT NULL, role_responsable VARCHAR(255) NOT NULL, UNIQUE INDEX UNIQ_IDENTIFIER_EMAIL (email), PRIMARY KEY(id)) DEFAULT CHARACTER SET utf8mb4 COLLATE `utf8mb4_unicode_ci` ENGINE = InnoDB {\"sql\":\"CREATE TABLE responsable (id INT AUTO_INCREMENT NOT NULL, email VARCHAR(180) NOT NULL, roles JSON NOT NULL, password VARCHAR(255) NOT NULL, nom VARCHAR(255) NOT NULL, prenom VARCHAR(255) NOT NULL, role_responsable VARCHAR(255) NOT NULL, UNIQUE INDEX UNIQ_IDENTIFIER_EMAIL (email), PRIMARY KEY(id)) DEFAULT CHARACTER SET utf8mb4 COLLATE `utf8mb4_unicode_ci` ENGINE = InnoDB\"} []\n[2025-07-10T07:06:10.856486+00:00] doctrine.DEBUG: Executing query: CREATE TABLE session (id INT AUTO_INCREMENT NOT NULL, formation_id INT DEFAULT NULL, formateur_id INT DEFAULT NULL, date_debut DATETIME NOT NULL, date_fin DATETIME NOT NULL, lieu VARCHAR(255) NOT NULL, nombre_min_participants INT NOT NULL, statut VARCHAR(255) NOT NULL, INDEX IDX_D044D5D45200282E (formation_id), INDEX IDX_D044D5D4155D8F51 (formateur_id), PRIMARY KEY(id)) DEFAULT CHARACTER SET utf8mb4 COLLATE `utf8mb4_unicode_ci` ENGINE = InnoDB {\"sql\":\"CREATE TABLE session (id INT AUTO_INCREMENT NOT NULL, formation_id INT DEFAULT NULL, formateur_id INT DEFAULT NULL, date_debut DATETIME NOT NULL, date_fin DATETIME NOT NULL, lieu VARCHAR(255) NOT NULL, nombre_min_participants INT NOT NULL, statut VARCHAR(255) NOT NULL, INDEX IDX_D044D5D45200282E (formation_id), INDEX IDX_D044D5D4155D8F51 (formateur_id), PRIMARY KEY(id)) DEFAULT CHARACTER SET utf8mb4 COLLATE `utf8mb4_unicode_ci` ENGINE = InnoDB\"} []\n[2025-07-10T07:06:10.898381+00:00] doctrine.DEBUG: Executing query: CREATE TABLE sous_theme (id INT AUTO_INCREMENT NOT NULL, theme_id INT DEFAULT NULL, nom VARCHAR(255) NOT NULL, INDEX IDX_E891E7ED59027487 (theme_id), PRIMARY KEY(id)) DEFAULT CHARACTER SET utf8mb4 COLLATE `utf8mb4_unicode_ci` ENGINE = InnoDB {\"sql\":\"CREATE TABLE sous_theme (id INT AUTO_INCREMENT NOT NULL, theme_id INT DEFAULT NULL, nom VARCHAR(255) NOT NULL, INDEX IDX_E891E7ED59027487 (theme_id), PRIMARY KEY(id)) DEFAULT CHARACTER SET utf8mb4 COLLATE `utf8mb4_unicode_ci` ENGINE = InnoDB\"} []\n[2025-07-10T07:06:10.932202+00:00] doctrine.DEBUG: Executing query: CREATE TABLE stagiaire (id INT AUTO_INCREMENT NOT NULL, nom VARCHAR(255) NOT NULL, prenom VARCHAR(255) NOT NULL, email VARCHAR(255) NOT NULL, PRIMARY KEY(id)) DEFAULT CHARACTER SET utf8mb4 COLLATE `utf8mb4_unicode_ci` ENGINE = InnoDB {\"sql\":\"CREATE TABLE stagiaire (id INT AUTO_INCREMENT NOT NULL, nom VARCHAR(255) NOT NULL, prenom VARCHAR(255) NOT NULL, email VARCHAR(255) NOT NULL, PRIMARY KEY(id)) DEFAULT CHARACTER SET utf8mb4 COLLATE `utf8mb4_unicode_ci` ENGINE = InnoDB\"} []\n[2025-07-10T07:06:10.957102+00:00] doctrine.DEBUG: Executing query: CREATE TABLE test_prerequis (id INT AUTO_INCREMENT NOT NULL, formation_id INT DEFAULT NULL, questions JSON NOT NULL, UNIQUE INDEX UNIQ_487E7CC35200282E (formation_id), PRIMARY KEY(id)) DEFAULT CHARACTER SET utf8mb4 COLLATE `utf8mb4_unicode_ci` ENGINE = InnoDB {\"sql\":\"CREATE TABLE test_prerequis (id INT AUTO_INCREMENT NOT NULL, formation_id INT DEFAULT NULL, questions JSON NOT NULL, UNIQUE INDEX UNIQ_487E7CC35200282E (formation_id), PRIMARY KEY(id)) DEFAULT CHARACTER SET utf8mb4 COLLATE `utf8mb4_unicode_ci` ENGINE = InnoDB\"} []\n[2025-07-10T07:06:10.995187+00:00] doctrine.DEBUG: Executing query: CREATE TABLE theme (id INT AUTO_INCREMENT NOT NULL, nom VARCHAR(255) NOT NULL, PRIMARY KEY(id)) DEFAULT CHARACTER SET utf8mb4 COLLATE `utf8mb4_unicode_ci` ENGINE = InnoDB {\"sql\":\"CREATE TABLE theme (id INT AUTO_INCREMENT NOT NULL, nom VARCHAR(255) NOT NULL, PRIMARY KEY(id)) DEFAULT CHARACTER SET utf8mb4 COLLATE `utf8mb4_unicode_ci` ENGINE = InnoDB\"} []\n[2025-07-10T07:06:11.024696+00:00] doctrine.DEBUG: Executing query: CREATE TABLE messenger_messages (id BIGINT AUTO_INCREMENT NOT NULL, body LONGTEXT NOT NULL, headers LONGTEXT NOT NULL, queue_name VARCHAR(190) NOT NULL, created_at DATETIME NOT NULL COMMENT '(DC2Type:datetime_immutable)', available_at DATETIME NOT NULL COMMENT '(DC2Type:datetime_immutable)', delivered_at DATETIME DEFAULT NULL COMMENT '(DC2Type:datetime_immutable)', INDEX IDX_75EA56E0FB7336F0 (queue_name), INDEX IDX_75EA56E0E3BD61CE (available_at), INDEX IDX_75EA56E016BA31DB (delivered_at), PRIMARY KEY(id)) DEFAULT CHARACTER SET utf8mb4 COLLATE `utf8mb4_unicode_ci` ENGINE = InnoDB {\"sql\":\"CREATE TABLE messenger_messages (id BIGINT AUTO_INCREMENT NOT NULL, body LONGTEXT NOT NULL, headers LONGTEXT NOT NULL, queue_name VARCHAR(190) NOT NULL, created_at DATETIME NOT NULL COMMENT '(DC2Type:datetime_immutable)', available_at DATETIME NOT NULL COMMENT '(DC2Type:datetime_immutable)', delivered_at DATETIME DEFAULT NULL COMMENT '(DC2Type:datetime_immutable)', INDEX IDX_75EA56E0FB7336F0 (queue_name), INDEX IDX_75EA56E0E3BD61CE (available_at), INDEX IDX_75EA56E016BA31DB (delivered_at), PRIMARY KEY(id)) DEFAULT CHARACTER SET utf8mb4 COLLATE `utf8mb4_unicode_ci` ENGINE = InnoDB\"} []\n[2025-07-10T07:06:11.072260+00:00] doctrine.DEBUG: Executing query: ALTER TABLE alerte ADD CONSTRAINT FK_3AE753ADA4638B5 FOREIGN KEY (monitoring_id) REFERENCES monitoring (id) {\"sql\":\"ALTER TABLE alerte ADD CONSTRAINT FK_3AE753ADA4638B5 FOREIGN KEY (monitoring_id) REFERENCES monitoring (id)\"} []\n[2025-07-10T07:06:11.151494+00:00] doctrine.DEBUG: Executing query: ALTER TABLE fiche_presence ADD CONSTRAINT FK_F69FD34613FECDF FOREIGN KEY (session_id) REFERENCES session (id) {\"sql\":\"ALTER TABLE fiche_presence ADD CONSTRAINT FK_F69FD34613FECDF FOREIGN KEY (session_id) REFERENCES session (id)\"} []\n[2025-07-10T07:06:11.240759+00:00] doctrine.DEBUG: Executing query: ALTER TABLE fiche_presence ADD CONSTRAINT FK_F69FD34BBA93DD6 FOREIGN KEY (stagiaire_id) REFERENCES stagiaire (id) {\"sql\":\"ALTER TABLE fiche_presence ADD CONSTRAINT FK_F69FD34BBA93DD6 FOREIGN KEY (stagiaire_id) REFERENCES stagiaire (id)\"} []\n[2025-07-10T07:06:11.331622+00:00] doctrine.DEBUG: Executing query: ALTER TABLE formation_theme ADD CONSTRAINT FK_E1FE797D5200282E FOREIGN KEY (formation_id) REFERENCES formation (id) ON DELETE CASCADE {\"sql\":\"ALTER TABLE formation_theme ADD CONSTRAINT FK_E1FE797D5200282E FOREIGN KEY (formation_id) REFERENCES formation (id) ON DELETE CASCADE\"} []\n[2025-07-10T07:06:11.424361+00:00] doctrine.DEBUG: Executing query: ALTER TABLE formation_theme ADD CONSTRAINT FK_E1FE797D59027487 FOREIGN KEY (theme_id) REFERENCES theme (id) ON DELETE CASCADE {\"sql\":\"ALTER TABLE formation_theme ADD CONSTRAINT FK_E1FE797D59027487 FOREIGN KEY (theme_id) REFERENCES theme (id) ON DELETE CASCADE\"} []\n[2025-07-10T07:06:11.504869+00:00] doctrine.DEBUG: Executing query: ALTER TABLE inscription ADD CONSTRAINT FK_5E90F6D6BBA93DD6 FOREIGN KEY (stagiaire_id) REFERENCES stagiaire (id) {\"sql\":\"ALTER TABLE inscription ADD CONSTRAINT FK_5E90F6D6BBA93DD6 FOREIGN KEY (stagiaire_id) REFERENCES stagiaire (id)\"} []\n[2025-07-10T07:06:11.591752+00:00] doctrine.DEBUG: Executing query: ALTER TABLE inscription ADD CONSTRAINT FK_5E90F6D6613FECDF FOREIGN KEY (session_id) REFERENCES session (id) {\"sql\":\"ALTER TABLE inscription ADD CONSTRAINT FK_5E90F6D6613FECDF FOREIGN KEY (session_id) REFERENCES session (id)\"} []\n[2025-07-10T07:06:11.678948+00:00] doctrine.DEBUG: Executing query: ALTER TABLE monitoring ADD CONSTRAINT FK_BA4F975D613FECDF FOREIGN KEY (session_id) REFERENCES session (id) {\"sql\":\"ALTER TABLE monitoring ADD CONSTRAINT FK_BA4F975D613FECDF FOREIGN KEY (session_id) REFERENCES session (id)\"} []\n[2025-07-10T07:06:11.758876+00:00] doctrine.DEBUG: Executing query: ALTER TABLE session ADD CONSTRAINT FK_D044D5D45200282E FOREIGN KEY (formation_id) REFERENCES formation (id) {\"sql\":\"ALTER TABLE session ADD CONSTRAINT FK_D044D5D45200282E FOREIGN KEY (formation_id) REFERENCES formation (id)\"} []\n[2025-07-10T07:06:11.852199+00:00] doctrine.DEBUG: Executing query: ALTER TABLE session ADD CONSTRAINT FK_D044D5D4155D8F51 FOREIGN KEY (formateur_id) REFERENCES formateur (id) {\"sql\":\"ALTER TABLE session ADD CONSTRAINT FK_D044D5D4155D8F51 FOREIGN KEY (formateur_id) REFERENCES formateur (id)\"} []\n[2025-07-10T07:06:11.944446+00:00] doctrine.DEBUG: Executing query: ALTER TABLE sous_theme ADD CONSTRAINT FK_E891E7ED59027487 FOREIGN KEY (theme_id) REFERENCES theme (id) {\"sql\":\"ALTER TABLE sous_theme ADD CONSTRAINT FK_E891E7ED59027487 FOREIGN KEY (theme_id) REFERENCES theme (id)\"} []\n[2025-07-10T07:06:12.025420+00:00] doctrine.DEBUG: Executing query: ALTER TABLE test_prerequis ADD CONSTRAINT FK_487E7CC35200282E FOREIGN KEY (formation_id) REFERENCES formation (id) {\"sql\":\"ALTER TABLE test_prerequis ADD CONSTRAINT FK_487E7CC35200282E FOREIGN KEY (formation_id) REFERENCES formation (id)\"} []\n[2025-07-10T07:06:12.118268+00:00] doctrine.DEBUG: Executing statement: INSERT INTO doctrine_migration_versions (version, executed_at, execution_time) VALUES (?, ?, ?) (parameters: array{\"1\":\"DoctrineMigrations\\\\Version20250710070602\",\"2\":\"2025-07-10 07:06:10\",\"3\":1603}, types: array{\"1\":2,\"2\":2,\"3\":1}) {\"sql\":\"INSERT INTO doctrine_migration_versions (version, executed_at, execution_time) VALUES (?, ?, ?)\",\"params\":{\"1\":\"DoctrineMigrations\\\\Version20250710070602\",\"2\":\"2025-07-10 07:06:10\",\"3\":1603},\"types\":{\"1\":2,\"2\":2,\"3\":1}} []\n[2025-07-10T07:06:12.143487+00:00] deprecation.INFO: User Deprecated: Context: trying to commit a transaction Problem: the transaction is already committed, relying on silencing is deprecated. Solution: override `AbstractMigration::isTransactional()` so that it returns false. Automate that by setting `transactional` to false in the configuration. More details at https://www.doctrine-project.org/projects/doctrine-migrations/en/stable/explanation/implicit-commits.html (TransactionHelper.php:24 called by DbalExecutor.php:193, https://github.com/doctrine/migrations/issues/1169, package doctrine/migrations) {\"exception\":\"[object] (ErrorException(code: 0): User Deprecated: Context: trying to commit a transaction\\nProblem: the transaction is already committed, relying on silencing is deprecated.\\nSolution: override `AbstractMigration::isTransactional()` so that it returns false.\\nAutomate that by setting `transactional` to false in the configuration.\\nMore details at https://www.doctrine-project.org/projects/doctrine-migrations/en/stable/explanation/implicit-commits.html (TransactionHelper.php:24 called by DbalExecutor.php:193, https://github.com/doctrine/migrations/issues/1169, package doctrine/migrations) at C:\\\\Users\\\\EAA\\\\Desktop\\\\it_training\\\\vendor\\\\doctrine\\\\deprecations\\\\src\\\\Deprecation.php:208)\"} []\n[2025-07-10T07:06:12.154835+00:00] doctrine.INFO: Disconnecting [] []\n[2025-07-10T07:07:31.066526+00:00] deprecation.INFO: User Deprecated: Using ArrayAccess on Doctrine\\ORM\\Mapping\\FieldMapping is deprecated and will not be possible in Doctrine ORM 4.0. Use the corresponding property instead. (ArrayAccessImplementation.php:35 called by EntityDetails.php:65, https://github.com/doctrine/orm/pull/11211, package doctrine/orm) {\"exception\":\"[object] (ErrorException(code: 0): User Deprecated: Using ArrayAccess on Doctrine\\\\ORM\\\\Mapping\\\\FieldMapping is deprecated and will not be possible in Doctrine ORM 4.0. Use the corresponding property instead. (ArrayAccessImplementation.php:35 called by EntityDetails.php:65, https://github.com/doctrine/orm/pull/11211, package doctrine/orm) at C:\\\\Users\\\\EAA\\\\Desktop\\\\it_training\\\\vendor\\\\doctrine\\\\deprecations\\\\src\\\\Deprecation.php:208)\"} []\n[2025-07-10T07:07:43.013064+00:00] deprecation.INFO: User Deprecated: Using ArrayAccess on Doctrine\\ORM\\Mapping\\FieldMapping is deprecated and will not be possible in Doctrine ORM 4.0. Use the corresponding property instead. (ArrayAccessImplementation.php:35 called by EntityDetails.php:65, https://github.com/doctrine/orm/pull/11211, package doctrine/orm) {\"exception\":\"[object] (ErrorException(code: 0): User Deprecated: Using ArrayAccess on Doctrine\\\\ORM\\\\Mapping\\\\FieldMapping is deprecated and will not be possible in Doctrine ORM 4.0. Use the corresponding property instead. (ArrayAccessImplementation.php:35 called by EntityDetails.php:65, https://github.com/doctrine/orm/pull/11211, package doctrine/orm) at C:\\\\Users\\\\EAA\\\\Desktop\\\\it_training\\\\vendor\\\\doctrine\\\\deprecations\\\\src\\\\Deprecation.php:208)\"} []\n[2025-07-10T07:07:47.064590+00:00] console.CRITICAL: Error thrown while running command \"make:crud Formphp \"bin/console\" make:crud Stagiaire\". Message: \"Too many arguments to \"make:crud\" command, expected arguments \"entity-class\".\" {\"exception\":\"[object] (Symfony\\\\Component\\\\Console\\\\Exception\\\\RuntimeException(code: 0): Too many arguments to \\\"make:crud\\\" command, expected arguments \\\"entity-class\\\". at C:\\\\Users\\\\EAA\\\\Desktop\\\\it_training\\\\vendor\\\\symfony\\\\console\\\\Input\\\\ArgvInput.php:196)\",\"command\":\"make:crud Formphp \\\"bin/console\\\" make:crud Stagiaire\",\"message\":\"Too many arguments to \\\"make:crud\\\" command, expected arguments \\\"entity-class\\\".\"} []\n[2025-07-10T07:07:47.066257+00:00] console.DEBUG: Command \"make:crud Formphp \"bin/console\" make:crud Stagiaire\" exited with code \"1\" {\"command\":\"make:crud Formphp \\\"bin/console\\\" make:crud Stagiaire\",\"code\":1} []\n[2025-07-10T07:07:52.012126+00:00] deprecation.INFO: User Deprecated: Using ArrayAccess on Doctrine\\ORM\\Mapping\\FieldMapping is deprecated and will not be possible in Doctrine ORM 4.0. Use the corresponding property instead. (ArrayAccessImplementation.php:35 called by EntityDetails.php:65, https://github.com/doctrine/orm/pull/11211, package doctrine/orm) {\"exception\":\"[object] (ErrorException(code: 0): User Deprecated: Using ArrayAccess on Doctrine\\\\ORM\\\\Mapping\\\\FieldMapping is deprecated and will not be possible in Doctrine ORM 4.0. Use the corresponding property instead. (ArrayAccessImplementation.php:35 called by EntityDetails.php:65, https://github.com/doctrine/orm/pull/11211, package doctrine/orm) at C:\\\\Users\\\\EAA\\\\Desktop\\\\it_training\\\\vendor\\\\doctrine\\\\deprecations\\\\src\\\\Deprecation.php:208)\"} []\n[2025-07-10T07:08:00.759484+00:00] deprecation.INFO: User Deprecated: Using ArrayAccess on Doctrine\\ORM\\Mapping\\FieldMapping is deprecated and will not be possible in Doctrine ORM 4.0. Use the corresponding property instead. (ArrayAccessImplementation.php:35 called by EntityDetails.php:65, https://github.com/doctrine/orm/pull/11211, package doctrine/orm) {\"exception\":\"[object] (ErrorException(code: 0): User Deprecated: Using ArrayAccess on Doctrine\\\\ORM\\\\Mapping\\\\FieldMapping is deprecated and will not be possible in Doctrine ORM 4.0. Use the corresponding property instead. (ArrayAccessImplementation.php:35 called by EntityDetails.php:65, https://github.com/doctrine/orm/pull/11211, package doctrine/orm) at C:\\\\Users\\\\EAA\\\\Desktop\\\\it_training\\\\vendor\\\\doctrine\\\\deprecations\\\\src\\\\Deprecation.php:208)\"} []\n[2025-07-10T07:08:44.486448+00:00] deprecation.INFO: User Deprecated: Using ArrayAccess on Doctrine\\ORM\\Mapping\\FieldMapping is deprecated and will not be possible in Doctrine ORM 4.0. Use the corresponding property instead. (ArrayAccessImplementation.php:35 called by EntityDetails.php:65, https://github.com/doctrine/orm/pull/11211, package doctrine/orm) {\"exception\":\"[object] (ErrorException(code: 0): User Deprecated: Using ArrayAccess on Doctrine\\\\ORM\\\\Mapping\\\\FieldMapping is deprecated and will not be possible in Doctrine ORM 4.0. Use the corresponding property instead. (ArrayAccessImplementation.php:35 called by EntityDetails.php:65, https://github.com/doctrine/orm/pull/11211, package doctrine/orm) at C:\\\\Users\\\\EAA\\\\Desktop\\\\it_training\\\\vendor\\\\doctrine\\\\deprecations\\\\src\\\\Deprecation.php:208)\"} []\n[2025-07-10T07:08:56.055959+00:00] deprecation.INFO: User Deprecated: Using ArrayAccess on Doctrine\\ORM\\Mapping\\FieldMapping is deprecated and will not be possible in Doctrine ORM 4.0. Use the corresponding property instead. (ArrayAccessImplementation.php:35 called by EntityDetails.php:65, https://github.com/doctrine/orm/pull/11211, package doctrine/orm) {\"exception\":\"[object] (ErrorException(code: 0): User Deprecated: Using ArrayAccess on Doctrine\\\\ORM\\\\Mapping\\\\FieldMapping is deprecated and will not be possible in Doctrine ORM 4.0. Use the corresponding property instead. (ArrayAccessImplementation.php:35 called by EntityDetails.php:65, https://github.com/doctrine/orm/pull/11211, package doctrine/orm) at C:\\\\Users\\\\EAA\\\\Desktop\\\\it_training\\\\vendor\\\\doctrine\\\\deprecations\\\\src\\\\Deprecation.php:208)\"} []\n[2025-07-10T07:09:03.807975+00:00] deprecation.INFO: User Deprecated: Using ArrayAccess on Doctrine\\ORM\\Mapping\\FieldMapping is deprecated and will not be possible in Doctrine ORM 4.0. Use the corresponding property instead. (ArrayAccessImplementation.php:35 called by EntityDetails.php:65, https://github.com/doctrine/orm/pull/11211, package doctrine/orm) {\"exception\":\"[object] (ErrorException(code: 0): User Deprecated: Using ArrayAccess on Doctrine\\\\ORM\\\\Mapping\\\\FieldMapping is deprecated and will not be possible in Doctrine ORM 4.0. Use the corresponding property instead. (ArrayAccessImplementation.php:35 called by EntityDetails.php:65, https://github.com/doctrine/orm/pull/11211, package doctrine/orm) at C:\\\\Users\\\\EAA\\\\Desktop\\\\it_training\\\\vendor\\\\doctrine\\\\deprecations\\\\src\\\\Deprecation.php:208)\"} []\n[2025-07-10T07:09:11.664400+00:00] deprecation.INFO: User Deprecated: Using ArrayAccess on Doctrine\\ORM\\Mapping\\FieldMapping is deprecated and will not be possible in Doctrine ORM 4.0. Use the corresponding property instead. (ArrayAccessImplementation.php:35 called by EntityDetails.php:65, https://github.com/doctrine/orm/pull/11211, package doctrine/orm) {\"exception\":\"[object] (ErrorException(code: 0): User Deprecated: Using ArrayAccess on Doctrine\\\\ORM\\\\Mapping\\\\FieldMapping is deprecated and will not be possible in Doctrine ORM 4.0. Use the corresponding property instead. (ArrayAccessImplementation.php:35 called by EntityDetails.php:65, https://github.com/doctrine/orm/pull/11211, package doctrine/orm) at C:\\\\Users\\\\EAA\\\\Desktop\\\\it_training\\\\vendor\\\\doctrine\\\\deprecations\\\\src\\\\Deprecation.php:208)\"} []\n[2025-07-10T07:09:24.281161+00:00] deprecation.INFO: User Deprecated: Using ArrayAccess on Doctrine\\ORM\\Mapping\\FieldMapping is deprecated and will not be possible in Doctrine ORM 4.0. Use the corresponding property instead. (ArrayAccessImplementation.php:35 called by EntityDetails.php:65, https://github.com/doctrine/orm/pull/11211, package doctrine/orm) {\"exception\":\"[object] (ErrorException(code: 0): User Deprecated: Using ArrayAccess on Doctrine\\\\ORM\\\\Mapping\\\\FieldMapping is deprecated and will not be possible in Doctrine ORM 4.0. Use the corresponding property instead. (ArrayAccessImplementation.php:35 called by EntityDetails.php:65, https://github.com/doctrine/orm/pull/11211, package doctrine/orm) at C:\\\\Users\\\\EAA\\\\Desktop\\\\it_training\\\\vendor\\\\doctrine\\\\deprecations\\\\src\\\\Deprecation.php:208)\"} []\n[2025-07-10T07:09:29.722149+00:00] deprecation.INFO: User Deprecated: Using ArrayAccess on Doctrine\\ORM\\Mapping\\FieldMapping is deprecated and will not be possible in Doctrine ORM 4.0. Use the corresponding property instead. (ArrayAccessImplementation.php:35 called by EntityDetails.php:65, https://github.com/doctrine/orm/pull/11211, package doctrine/orm) {\"exception\":\"[object] (ErrorException(code: 0): User Deprecated: Using ArrayAccess on Doctrine\\\\ORM\\\\Mapping\\\\FieldMapping is deprecated and will not be possible in Doctrine ORM 4.0. Use the corresponding property instead. (ArrayAccessImplementation.php:35 called by EntityDetails.php:65, https://github.com/doctrine/orm/pull/11211, package doctrine/orm) at C:\\\\Users\\\\EAA\\\\Desktop\\\\it_training\\\\vendor\\\\doctrine\\\\deprecations\\\\src\\\\Deprecation.php:208)\"} []\n[2025-07-10T07:09:39.926784+00:00] deprecation.INFO: User Deprecated: Using ArrayAccess on Doctrine\\ORM\\Mapping\\FieldMapping is deprecated and will not be possible in Doctrine ORM 4.0. Use the corresponding property instead. (ArrayAccessImplementation.php:35 called by EntityDetails.php:65, https://github.com/doctrine/orm/pull/11211, package doctrine/orm) {\"exception\":\"[object] (ErrorException(code: 0): User Deprecated: Using ArrayAccess on Doctrine\\\\ORM\\\\Mapping\\\\FieldMapping is deprecated and will not be possible in Doctrine ORM 4.0. Use the corresponding property instead. (ArrayAccessImplementation.php:35 called by EntityDetails.php:65, https://github.com/doctrine/orm/pull/11211, package doctrine/orm) at C:\\\\Users\\\\EAA\\\\Desktop\\\\it_training\\\\vendor\\\\doctrine\\\\deprecations\\\\src\\\\Deprecation.php:208)\"} []\n[2025-07-10T07:23:41.642939+00:00] http_client.INFO: Request: \"GET https://data.jsdelivr.com/v1/packages/npm/@hotwired/stimulus/resolved?specifier=%5E3.0.0\" [] []\n[2025-07-10T07:23:41.870579+00:00] console.CRITICAL: Error thrown while running command \"--ansi importmap:require \"@hotwired/stimulus@^3.0.0\"\". Message: \"Error setting certificate verify locations:  CAfile: C:\\Users\\Stagiaire\\Documents\\Hackathon\\cineCourts\\cacert.pem CApath: none for \"https://data.jsdelivr.com/v1/packages/npm/@hotwired/stimulus/resolved?specifier=%5E3.0.0\".\" {\"exception\":\"[object] (Symfony\\\\Component\\\\HttpClient\\\\Exception\\\\TransportException(code: 0): Error setting certificate verify locations:  CAfile: C:\\\\Users\\\\Stagiaire\\\\Documents\\\\Hackathon\\\\cineCourts\\\\cacert.pem CApath: none for \\\"https://data.jsdelivr.com/v1/packages/npm/@hotwired/stimulus/resolved?specifier=%5E3.0.0\\\". at C:\\\\Users\\\\EAA\\\\Desktop\\\\it_training\\\\vendor\\\\symfony\\\\http-client\\\\Chunk\\\\ErrorChunk.php:56)\\n[previous exception] [object] (Symfony\\\\Component\\\\HttpClient\\\\Exception\\\\TransportException(code: 0): Error setting certificate verify locations:  CAfile: C:\\\\Users\\\\Stagiaire\\\\Documents\\\\Hackathon\\\\cineCourts\\\\cacert.pem CApath: none for \\\"https://data.jsdelivr.com/v1/packages/npm/@hotwired/stimulus/resolved?specifier=%5E3.0.0\\\". at C:\\\\Users\\\\EAA\\\\Desktop\\\\it_training\\\\vendor\\\\symfony\\\\http-client\\\\Response\\\\CurlResponse.php:324)\",\"command\":\"--ansi importmap:require \\\"@hotwired/stimulus@^3.0.0\\\"\",\"message\":\"Error setting certificate verify locations:  CAfile: C:\\\\Users\\\\Stagiaire\\\\Documents\\\\Hackathon\\\\cineCourts\\\\cacert.pem CApath: none for \\\"https://data.jsdelivr.com/v1/packages/npm/@hotwired/stimulus/resolved?specifier=%5E3.0.0\\\".\"} []\n[2025-07-10T07:23:41.870972+00:00] console.DEBUG: Command \"--ansi importmap:require \"@hotwired/stimulus@^3.0.0\"\" exited with code \"1\" {\"command\":\"--ansi importmap:require \\\"@hotwired/stimulus@^3.0.0\\\"\",\"code\":1} []\n[2025-07-10T07:30:44.529722+00:00] http_client.INFO: Request: \"GET https://data.jsdelivr.com/v1/packages/npm/@hotwired/stimulus/resolved?specifier=%5E3.0.0\" [] []\n[2025-07-10T07:30:44.630402+00:00] console.CRITICAL: Error thrown while running command \"--ansi importmap:require \"@hotwired/stimulus@^3.0.0\"\". Message: \"Error setting certificate verify locations:  CAfile: C:\\Users\\Stagiaire\\Documents\\Hackathon\\cineCourts\\cacert.pem CApath: none for \"https://data.jsdelivr.com/v1/packages/npm/@hotwired/stimulus/resolved?specifier=%5E3.0.0\".\" {\"exception\":\"[object] (Symfony\\\\Component\\\\HttpClient\\\\Exception\\\\TransportException(code: 0): Error setting certificate verify locations:  CAfile: C:\\\\Users\\\\Stagiaire\\\\Documents\\\\Hackathon\\\\cineCourts\\\\cacert.pem CApath: none for \\\"https://data.jsdelivr.com/v1/packages/npm/@hotwired/stimulus/resolved?specifier=%5E3.0.0\\\". at C:\\\\Users\\\\EAA\\\\Desktop\\\\it_training\\\\vendor\\\\symfony\\\\http-client\\\\Chunk\\\\ErrorChunk.php:56)\\n[previous exception] [object] (Symfony\\\\Component\\\\HttpClient\\\\Exception\\\\TransportException(code: 0): Error setting certificate verify locations:  CAfile: C:\\\\Users\\\\Stagiaire\\\\Documents\\\\Hackathon\\\\cineCourts\\\\cacert.pem CApath: none for \\\"https://data.jsdelivr.com/v1/packages/npm/@hotwired/stimulus/resolved?specifier=%5E3.0.0\\\". at C:\\\\Users\\\\EAA\\\\Desktop\\\\it_training\\\\vendor\\\\symfony\\\\http-client\\\\Response\\\\CurlResponse.php:324)\",\"command\":\"--ansi importmap:require \\\"@hotwired/stimulus@^3.0.0\\\"\",\"message\":\"Error setting certificate verify locations:  CAfile: C:\\\\Users\\\\Stagiaire\\\\Documents\\\\Hackathon\\\\cineCourts\\\\cacert.pem CApath: none for \\\"https://data.jsdelivr.com/v1/packages/npm/@hotwired/stimulus/resolved?specifier=%5E3.0.0\\\".\"} []\n[2025-07-10T07:30:44.630806+00:00] console.DEBUG: Command \"--ansi importmap:require \"@hotwired/stimulus@^3.0.0\"\" exited with code \"1\" {\"command\":\"--ansi importmap:require \\\"@hotwired/stimulus@^3.0.0\\\"\",\"code\":1} []\n[2025-07-10T07:31:38.947371+00:00] console.CRITICAL: Error thrown while running command \"\"make:message-handler\" AnnulationAutomatiqueHandler\". Message: \"Command \"make:message-handler\" is not defined.  Did you mean one of these?     make:auth     make:command     make:controller     make:crud     make:docker:database     make:entity     make:fixtures     make:form     make:functional-test     make:listener     make:message     make:messenger-middleware     make:migration     make:registration-form     make:reset-password     make:schedule     make:security:custom     make:security:form-login     make:serializer:encoder     make:serializer:normalizer     make:stimulus-controller     make:subscriber     make:test     make:twig-component     make:twig-extension     make:unit-test     make:user     make:validator     make:voter     make:webhook\" {\"exception\":\"[object] (Symfony\\\\Component\\\\Console\\\\Exception\\\\CommandNotFoundException(code: 0): Command \\\"make:message-handler\\\" is not defined.\\n\\nDid you mean one of these?\\n    make:auth\\n    make:command\\n    make:controller\\n    make:crud\\n    make:docker:database\\n    make:entity\\n    make:fixtures\\n    make:form\\n    make:functional-test\\n    make:listener\\n    make:message\\n    make:messenger-middleware\\n    make:migration\\n    make:registration-form\\n    make:reset-password\\n    make:schedule\\n    make:security:custom\\n    make:security:form-login\\n    make:serializer:encoder\\n    make:serializer:normalizer\\n    make:stimulus-controller\\n    make:subscriber\\n    make:test\\n    make:twig-component\\n    make:twig-extension\\n    make:unit-test\\n    make:user\\n    make:validator\\n    make:voter\\n    make:webhook at C:\\\\Users\\\\EAA\\\\Desktop\\\\it_training\\\\vendor\\\\symfony\\\\console\\\\Application.php:737)\",\"command\":\"\\\"make:message-handler\\\" AnnulationAutomatiqueHandler\",\"message\":\"Command \\\"make:message-handler\\\" is not defined.\\n\\nDid you mean one of these?\\n    make:auth\\n    make:command\\n    make:controller\\n    make:crud\\n    make:docker:database\\n    make:entity\\n    make:fixtures\\n    make:form\\n    make:functional-test\\n    make:listener\\n    make:message\\n    make:messenger-middleware\\n    make:migration\\n    make:registration-form\\n    make:reset-password\\n    make:schedule\\n    make:security:custom\\n    make:security:form-login\\n    make:serializer:encoder\\n    make:serializer:normalizer\\n    make:stimulus-controller\\n    make:subscriber\\n    make:test\\n    make:twig-component\\n    make:twig-extension\\n    make:unit-test\\n    make:user\\n    make:validator\\n    make:voter\\n    make:webhook\"} []\n[2025-07-10T07:31:51.290918+00:00] http_client.INFO: Request: \"GET https://data.jsdelivr.com/v1/packages/npm/@hotwired/stimulus/resolved?specifier=%5E3.0.0\" [] []\n[2025-07-10T07:31:51.488530+00:00] console.CRITICAL: Error thrown while running command \"--ansi importmap:require \"@hotwired/stimulus@^3.0.0\"\". Message: \"Error setting certificate verify locations:  CAfile: C:\\Users\\Stagiaire\\Documents\\Hackathon\\cineCourts\\cacert.pem CApath: none for \"https://data.jsdelivr.com/v1/packages/npm/@hotwired/stimulus/resolved?specifier=%5E3.0.0\".\" {\"exception\":\"[object] (Symfony\\\\Component\\\\HttpClient\\\\Exception\\\\TransportException(code: 0): Error setting certificate verify locations:  CAfile: C:\\\\Users\\\\Stagiaire\\\\Documents\\\\Hackathon\\\\cineCourts\\\\cacert.pem CApath: none for \\\"https://data.jsdelivr.com/v1/packages/npm/@hotwired/stimulus/resolved?specifier=%5E3.0.0\\\". at C:\\\\Users\\\\EAA\\\\Desktop\\\\it_training\\\\vendor\\\\symfony\\\\http-client\\\\Chunk\\\\ErrorChunk.php:56)\\n[previous exception] [object] (Symfony\\\\Component\\\\HttpClient\\\\Exception\\\\TransportException(code: 0): Error setting certificate verify locations:  CAfile: C:\\\\Users\\\\Stagiaire\\\\Documents\\\\Hackathon\\\\cineCourts\\\\cacert.pem CApath: none for \\\"https://data.jsdelivr.com/v1/packages/npm/@hotwired/stimulus/resolved?specifier=%5E3.0.0\\\". at C:\\\\Users\\\\EAA\\\\Desktop\\\\it_training\\\\vendor\\\\symfony\\\\http-client\\\\Response\\\\CurlResponse.php:324)\",\"command\":\"--ansi importmap:require \\\"@hotwired/stimulus@^3.0.0\\\"\",\"message\":\"Error setting certificate verify locations:  CAfile: C:\\\\Users\\\\Stagiaire\\\\Documents\\\\Hackathon\\\\cineCourts\\\\cacert.pem CApath: none for \\\"https://data.jsdelivr.com/v1/packages/npm/@hotwired/stimulus/resolved?specifier=%5E3.0.0\\\".\"} []\n[2025-07-10T07:31:51.490186+00:00] console.DEBUG: Command \"--ansi importmap:require \"@hotwired/stimulus@^3.0.0\"\" exited with code \"1\" {\"command\":\"--ansi importmap:require \\\"@hotwired/stimulus@^3.0.0\\\"\",\"code\":1} []\n[2025-07-10T07:32:36.647119+00:00] http_client.INFO: Request: \"GET https://data.jsdelivr.com/v1/packages/npm/.../resolved\" [] []\n[2025-07-10T07:32:36.820960+00:00] console.CRITICAL: Error thrown while running command \"importmap:require \"...\"\". Message: \"Error setting certificate verify locations:  CAfile: C:\\Users\\Stagiaire\\Documents\\Hackathon\\cineCourts\\cacert.pem CApath: none for \"https://data.jsdelivr.com/v1/packages/npm/.../resolved\".\" {\"exception\":\"[object] (Symfony\\\\Component\\\\HttpClient\\\\Exception\\\\TransportException(code: 0): Error setting certificate verify locations:  CAfile: C:\\\\Users\\\\Stagiaire\\\\Documents\\\\Hackathon\\\\cineCourts\\\\cacert.pem CApath: none for \\\"https://data.jsdelivr.com/v1/packages/npm/.../resolved\\\". at C:\\\\Users\\\\EAA\\\\Desktop\\\\it_training\\\\vendor\\\\symfony\\\\http-client\\\\Chunk\\\\ErrorChunk.php:56)\\n[previous exception] [object] (Symfony\\\\Component\\\\HttpClient\\\\Exception\\\\TransportException(code: 0): Error setting certificate verify locations:  CAfile: C:\\\\Users\\\\Stagiaire\\\\Documents\\\\Hackathon\\\\cineCourts\\\\cacert.pem CApath: none for \\\"https://data.jsdelivr.com/v1/packages/npm/.../resolved\\\". at C:\\\\Users\\\\EAA\\\\Desktop\\\\it_training\\\\vendor\\\\symfony\\\\http-client\\\\Response\\\\CurlResponse.php:324)\",\"command\":\"importmap:require \\\"...\\\"\",\"message\":\"Error setting certificate verify locations:  CAfile: C:\\\\Users\\\\Stagiaire\\\\Documents\\\\Hackathon\\\\cineCourts\\\\cacert.pem CApath: none for \\\"https://data.jsdelivr.com/v1/packages/npm/.../resolved\\\".\"} []\n[2025-07-10T07:32:36.822373+00:00] console.DEBUG: Command \"importmap:require \"...\"\" exited with code \"1\" {\"command\":\"importmap:require \\\"...\\\"\",\"code\":1} []\n[2025-07-10T07:33:18.583155+00:00] http_client.INFO: Request: \"GET https://data.jsdelivr.com/v1/packages/npm/@hotwired/stimulus/resolved?specifier=%5E3.0.0\" [] []\n[2025-07-10T07:33:18.637059+00:00] console.CRITICAL: Error thrown while running command \"--ansi importmap:require \"@hotwired/stimulus@^3.0.0\"\". Message: \"Error setting certificate verify locations:  CAfile: C:\\Users\\Stagiaire\\Documents\\Hackathon\\cineCourts\\cacert.pem CApath: none for \"https://data.jsdelivr.com/v1/packages/npm/@hotwired/stimulus/resolved?specifier=%5E3.0.0\".\" {\"exception\":\"[object] (Symfony\\\\Component\\\\HttpClient\\\\Exception\\\\TransportException(code: 0): Error setting certificate verify locations:  CAfile: C:\\\\Users\\\\Stagiaire\\\\Documents\\\\Hackathon\\\\cineCourts\\\\cacert.pem CApath: none for \\\"https://data.jsdelivr.com/v1/packages/npm/@hotwired/stimulus/resolved?specifier=%5E3.0.0\\\". at C:\\\\Users\\\\EAA\\\\Desktop\\\\it_training\\\\vendor\\\\symfony\\\\http-client\\\\Chunk\\\\ErrorChunk.php:56)\\n[previous exception] [object] (Symfony\\\\Component\\\\HttpClient\\\\Exception\\\\TransportException(code: 0): Error setting certificate verify locations:  CAfile: C:\\\\Users\\\\Stagiaire\\\\Documents\\\\Hackathon\\\\cineCourts\\\\cacert.pem CApath: none for \\\"https://data.jsdelivr.com/v1/packages/npm/@hotwired/stimulus/resolved?specifier=%5E3.0.0\\\". at C:\\\\Users\\\\EAA\\\\Desktop\\\\it_training\\\\vendor\\\\symfony\\\\http-client\\\\Response\\\\CurlResponse.php:324)\",\"command\":\"--ansi importmap:require \\\"@hotwired/stimulus@^3.0.0\\\"\",\"message\":\"Error setting certificate verify locations:  CAfile: C:\\\\Users\\\\Stagiaire\\\\Documents\\\\Hackathon\\\\cineCourts\\\\cacert.pem CApath: none for \\\"https://data.jsdelivr.com/v1/packages/npm/@hotwired/stimulus/resolved?specifier=%5E3.0.0\\\".\"} []\n[2025-07-10T07:33:18.637543+00:00] console.DEBUG: Command \"--ansi importmap:require \"@hotwired/stimulus@^3.0.0\"\" exited with code \"1\" {\"command\":\"--ansi importmap:require \\\"@hotwired/stimulus@^3.0.0\\\"\",\"code\":1} []\n[2025-07-10T07:34:50.004863+00:00] http_client.INFO: Request: \"GET https://data.jsdelivr.com/v1/packages/npm/@hotwired/stimulus/resolved?specifier=%5E3.0.0\" [] []\n[2025-07-10T07:34:50.183960+00:00] console.CRITICAL: Error thrown while running command \"--ansi importmap:require \"@hotwired/stimulus@^3.0.0\"\". Message: \"Error setting certificate verify locations:  CAfile: C:\\Users\\Stagiaire\\Documents\\Hackathon\\cineCourts\\cacert.pem CApath: none for \"https://data.jsdelivr.com/v1/packages/npm/@hotwired/stimulus/resolved?specifier=%5E3.0.0\".\" {\"exception\":\"[object] (Symfony\\\\Component\\\\HttpClient\\\\Exception\\\\TransportException(code: 0): Error setting certificate verify locations:  CAfile: C:\\\\Users\\\\Stagiaire\\\\Documents\\\\Hackathon\\\\cineCourts\\\\cacert.pem CApath: none for \\\"https://data.jsdelivr.com/v1/packages/npm/@hotwired/stimulus/resolved?specifier=%5E3.0.0\\\". at C:\\\\Users\\\\EAA\\\\Desktop\\\\it_training\\\\vendor\\\\symfony\\\\http-client\\\\Chunk\\\\ErrorChunk.php:56)\\n[previous exception] [object] (Symfony\\\\Component\\\\HttpClient\\\\Exception\\\\TransportException(code: 0): Error setting certificate verify locations:  CAfile: C:\\\\Users\\\\Stagiaire\\\\Documents\\\\Hackathon\\\\cineCourts\\\\cacert.pem CApath: none for \\\"https://data.jsdelivr.com/v1/packages/npm/@hotwired/stimulus/resolved?specifier=%5E3.0.0\\\". at C:\\\\Users\\\\EAA\\\\Desktop\\\\it_training\\\\vendor\\\\symfony\\\\http-client\\\\Response\\\\CurlResponse.php:324)\",\"command\":\"--ansi importmap:require \\\"@hotwired/stimulus@^3.0.0\\\"\",\"message\":\"Error setting certificate verify locations:  CAfile: C:\\\\Users\\\\Stagiaire\\\\Documents\\\\Hackathon\\\\cineCourts\\\\cacert.pem CApath: none for \\\"https://data.jsdelivr.com/v1/packages/npm/@hotwired/stimulus/resolved?specifier=%5E3.0.0\\\".\"} []\n[2025-07-10T07:34:50.185672+00:00] console.DEBUG: Command \"--ansi importmap:require \"@hotwired/stimulus@^3.0.0\"\" exited with code \"1\" {\"command\":\"--ansi importmap:require \\\"@hotwired/stimulus@^3.0.0\\\"\",\"code\":1} []\n[2025-07-10T07:36:11.995774+00:00] http_client.INFO: Request: \"GET https://data.jsdelivr.com/v1/packages/npm/@hotwired/stimulus/resolved?specifier=%5E3.0.0\" [] []\n[2025-07-10T07:36:12.035978+00:00] console.CRITICAL: Error thrown while running command \"--ansi importmap:require \"@hotwired/stimulus@^3.0.0\"\". Message: \"Error setting certificate verify locations:  CAfile: C:\\Users\\Stagiaire\\Documents\\Hackathon\\cineCourts\\cacert.pem CApath: none for \"https://data.jsdelivr.com/v1/packages/npm/@hotwired/stimulus/resolved?specifier=%5E3.0.0\".\" {\"exception\":\"[object] (Symfony\\\\Component\\\\HttpClient\\\\Exception\\\\TransportException(code: 0): Error setting certificate verify locations:  CAfile: C:\\\\Users\\\\Stagiaire\\\\Documents\\\\Hackathon\\\\cineCourts\\\\cacert.pem CApath: none for \\\"https://data.jsdelivr.com/v1/packages/npm/@hotwired/stimulus/resolved?specifier=%5E3.0.0\\\". at C:\\\\Users\\\\EAA\\\\Desktop\\\\it_training\\\\vendor\\\\symfony\\\\http-client\\\\Chunk\\\\ErrorChunk.php:56)\\n[previous exception] [object] (Symfony\\\\Component\\\\HttpClient\\\\Exception\\\\TransportException(code: 0): Error setting certificate verify locations:  CAfile: C:\\\\Users\\\\Stagiaire\\\\Documents\\\\Hackathon\\\\cineCourts\\\\cacert.pem CApath: none for \\\"https://data.jsdelivr.com/v1/packages/npm/@hotwired/stimulus/resolved?specifier=%5E3.0.0\\\". at C:\\\\Users\\\\EAA\\\\Desktop\\\\it_training\\\\vendor\\\\symfony\\\\http-client\\\\Response\\\\CurlResponse.php:324)\",\"command\":\"--ansi importmap:require \\\"@hotwired/stimulus@^3.0.0\\\"\",\"message\":\"Error setting certificate verify locations:  CAfile: C:\\\\Users\\\\Stagiaire\\\\Documents\\\\Hackathon\\\\cineCourts\\\\cacert.pem CApath: none for \\\"https://data.jsdelivr.com/v1/packages/npm/@hotwired/stimulus/resolved?specifier=%5E3.0.0\\\".\"} []\n[2025-07-10T07:36:12.036430+00:00] console.DEBUG: Command \"--ansi importmap:require \"@hotwired/stimulus@^3.0.0\"\" exited with code \"1\" {\"command\":\"--ansi importmap:require \\\"@hotwired/stimulus@^3.0.0\\\"\",\"code\":1} []\n[2025-07-10T07:37:12.901852+00:00] http_client.INFO: Request: \"GET https://data.jsdelivr.com/v1/packages/npm/@hotwired/stimulus/resolved?specifier=%5E3.0.0\" [] []\n[2025-07-10T07:37:13.049866+00:00] console.CRITICAL: Error thrown while running command \"--ansi importmap:require \"@hotwired/stimulus@^3.0.0\"\". Message: \"Error setting certificate verify locations:  CAfile: C:\\Users\\Stagiaire\\Documents\\Hackathon\\cineCourts\\cacert.pem CApath: none for \"https://data.jsdelivr.com/v1/packages/npm/@hotwired/stimulus/resolved?specifier=%5E3.0.0\".\" {\"exception\":\"[object] (Symfony\\\\Component\\\\HttpClient\\\\Exception\\\\TransportException(code: 0): Error setting certificate verify locations:  CAfile: C:\\\\Users\\\\Stagiaire\\\\Documents\\\\Hackathon\\\\cineCourts\\\\cacert.pem CApath: none for \\\"https://data.jsdelivr.com/v1/packages/npm/@hotwired/stimulus/resolved?specifier=%5E3.0.0\\\". at C:\\\\Users\\\\EAA\\\\Desktop\\\\it_training\\\\vendor\\\\symfony\\\\http-client\\\\Chunk\\\\ErrorChunk.php:56)\\n[previous exception] [object] (Symfony\\\\Component\\\\HttpClient\\\\Exception\\\\TransportException(code: 0): Error setting certificate verify locations:  CAfile: C:\\\\Users\\\\Stagiaire\\\\Documents\\\\Hackathon\\\\cineCourts\\\\cacert.pem CApath: none for \\\"https://data.jsdelivr.com/v1/packages/npm/@hotwired/stimulus/resolved?specifier=%5E3.0.0\\\". at C:\\\\Users\\\\EAA\\\\Desktop\\\\it_training\\\\vendor\\\\symfony\\\\http-client\\\\Response\\\\CurlResponse.php:324)\",\"command\":\"--ansi importmap:require \\\"@hotwired/stimulus@^3.0.0\\\"\",\"message\":\"Error setting certificate verify locations:  CAfile: C:\\\\Users\\\\Stagiaire\\\\Documents\\\\Hackathon\\\\cineCourts\\\\cacert.pem CApath: none for \\\"https://data.jsdelivr.com/v1/packages/npm/@hotwired/stimulus/resolved?specifier=%5E3.0.0\\\".\"} []\n[2025-07-10T07:37:13.051597+00:00] console.DEBUG: Command \"--ansi importmap:require \"@hotwired/stimulus@^3.0.0\"\" exited with code \"1\" {\"command\":\"--ansi importmap:require \\\"@hotwired/stimulus@^3.0.0\\\"\",\"code\":1} []\n[2025-07-10T07:38:10.649070+00:00] http_client.INFO: Request: \"GET https://data.jsdelivr.com/v1/packages/npm/@hotwired/stimulus/resolved?specifier=%5E3.0.0\" [] []\n[2025-07-10T07:38:10.809836+00:00] console.CRITICAL: Error thrown while running command \"--ansi importmap:require \"@hotwired/stimulus@^3.0.0\"\". Message: \"Error setting certificate verify locations:  CAfile: C:\\Users\\Stagiaire\\Documents\\Hackathon\\cineCourts\\cacert.pem CApath: none for \"https://data.jsdelivr.com/v1/packages/npm/@hotwired/stimulus/resolved?specifier=%5E3.0.0\".\" {\"exception\":\"[object] (Symfony\\\\Component\\\\HttpClient\\\\Exception\\\\TransportException(code: 0): Error setting certificate verify locations:  CAfile: C:\\\\Users\\\\Stagiaire\\\\Documents\\\\Hackathon\\\\cineCourts\\\\cacert.pem CApath: none for \\\"https://data.jsdelivr.com/v1/packages/npm/@hotwired/stimulus/resolved?specifier=%5E3.0.0\\\". at C:\\\\Users\\\\EAA\\\\Desktop\\\\it_training\\\\vendor\\\\symfony\\\\http-client\\\\Chunk\\\\ErrorChunk.php:56)\\n[previous exception] [object] (Symfony\\\\Component\\\\HttpClient\\\\Exception\\\\TransportException(code: 0): Error setting certificate verify locations:  CAfile: C:\\\\Users\\\\Stagiaire\\\\Documents\\\\Hackathon\\\\cineCourts\\\\cacert.pem CApath: none for \\\"https://data.jsdelivr.com/v1/packages/npm/@hotwired/stimulus/resolved?specifier=%5E3.0.0\\\". at C:\\\\Users\\\\EAA\\\\Desktop\\\\it_training\\\\vendor\\\\symfony\\\\http-client\\\\Response\\\\CurlResponse.php:324)\",\"command\":\"--ansi importmap:require \\\"@hotwired/stimulus@^3.0.0\\\"\",\"message\":\"Error setting certificate verify locations:  CAfile: C:\\\\Users\\\\Stagiaire\\\\Documents\\\\Hackathon\\\\cineCourts\\\\cacert.pem CApath: none for \\\"https://data.jsdelivr.com/v1/packages/npm/@hotwired/stimulus/resolved?specifier=%5E3.0.0\\\".\"} []\n[2025-07-10T07:38:10.810300+00:00] console.DEBUG: Command \"--ansi importmap:require \"@hotwired/stimulus@^3.0.0\"\" exited with code \"1\" {\"command\":\"--ansi importmap:require \\\"@hotwired/stimulus@^3.0.0\\\"\",\"code\":1} []\n[2025-07-10T07:38:29.973258+00:00] http_client.INFO: Request: \"GET https://data.jsdelivr.com/v1/packages/npm/@hotwired/stimulus/resolved?specifier=%5E3.0.0\" [] []\n[2025-07-10T07:38:30.029631+00:00] console.CRITICAL: Error thrown while running command \"--ansi importmap:require \"@hotwired/stimulus@^3.0.0\"\". Message: \"Error setting certificate verify locations:  CAfile: C:\\Users\\Stagiaire\\Documents\\Hackathon\\cineCourts\\cacert.pem CApath: none for \"https://data.jsdelivr.com/v1/packages/npm/@hotwired/stimulus/resolved?specifier=%5E3.0.0\".\" {\"exception\":\"[object] (Symfony\\\\Component\\\\HttpClient\\\\Exception\\\\TransportException(code: 0): Error setting certificate verify locations:  CAfile: C:\\\\Users\\\\Stagiaire\\\\Documents\\\\Hackathon\\\\cineCourts\\\\cacert.pem CApath: none for \\\"https://data.jsdelivr.com/v1/packages/npm/@hotwired/stimulus/resolved?specifier=%5E3.0.0\\\". at C:\\\\Users\\\\EAA\\\\Desktop\\\\it_training\\\\vendor\\\\symfony\\\\http-client\\\\Chunk\\\\ErrorChunk.php:56)\\n[previous exception] [object] (Symfony\\\\Component\\\\HttpClient\\\\Exception\\\\TransportException(code: 0): Error setting certificate verify locations:  CAfile: C:\\\\Users\\\\Stagiaire\\\\Documents\\\\Hackathon\\\\cineCourts\\\\cacert.pem CApath: none for \\\"https://data.jsdelivr.com/v1/packages/npm/@hotwired/stimulus/resolved?specifier=%5E3.0.0\\\". at C:\\\\Users\\\\EAA\\\\Desktop\\\\it_training\\\\vendor\\\\symfony\\\\http-client\\\\Response\\\\CurlResponse.php:324)\",\"command\":\"--ansi importmap:require \\\"@hotwired/stimulus@^3.0.0\\\"\",\"message\":\"Error setting certificate verify locations:  CAfile: C:\\\\Users\\\\Stagiaire\\\\Documents\\\\Hackathon\\\\cineCourts\\\\cacert.pem CApath: none for \\\"https://data.jsdelivr.com/v1/packages/npm/@hotwired/stimulus/resolved?specifier=%5E3.0.0\\\".\"} []\n[2025-07-10T07:38:30.029989+00:00] console.DEBUG: Command \"--ansi importmap:require \"@hotwired/stimulus@^3.0.0\"\" exited with code \"1\" {\"command\":\"--ansi importmap:require \\\"@hotwired/stimulus@^3.0.0\\\"\",\"code\":1} []\n[2025-07-10T07:40:20.803257+00:00] console.CRITICAL: Error thrown while running command \"importmap:require\". Message: \"Not enough arguments (missing: \"packages\").\" {\"exception\":\"[object] (Symfony\\\\Component\\\\Console\\\\Exception\\\\RuntimeException(code: 0): Not enough arguments (missing: \\\"packages\\\"). at C:\\\\Users\\\\EAA\\\\Desktop\\\\it_training\\\\vendor\\\\symfony\\\\console\\\\Input\\\\Input.php:77)\",\"command\":\"importmap:require\",\"message\":\"Not enough arguments (missing: \\\"packages\\\").\"} []\n[2025-07-10T07:40:20.805162+00:00] console.DEBUG: Command \"importmap:require\" exited with code \"1\" {\"command\":\"importmap:require\",\"code\":1} []\n[2025-07-10T07:40:47.740140+00:00] http_client.INFO: Request: \"GET https://data.jsdelivr.com/v1/packages/npm/@hotwired/stimulus/resolved?specifier=%5E3.0.0\" [] []\n[2025-07-10T07:40:47.854903+00:00] console.CRITICAL: Error thrown while running command \"--ansi importmap:require \"@hotwired/stimulus@^3.0.0\"\". Message: \"Error setting certificate verify locations:  CAfile: C:\\Users\\Stagiaire\\Documents\\Hackathon\\cineCourts\\cacert.pem CApath: none for \"https://data.jsdelivr.com/v1/packages/npm/@hotwired/stimulus/resolved?specifier=%5E3.0.0\".\" {\"exception\":\"[object] (Symfony\\\\Component\\\\HttpClient\\\\Exception\\\\TransportException(code: 0): Error setting certificate verify locations:  CAfile: C:\\\\Users\\\\Stagiaire\\\\Documents\\\\Hackathon\\\\cineCourts\\\\cacert.pem CApath: none for \\\"https://data.jsdelivr.com/v1/packages/npm/@hotwired/stimulus/resolved?specifier=%5E3.0.0\\\". at C:\\\\Users\\\\EAA\\\\Desktop\\\\it_training\\\\vendor\\\\symfony\\\\http-client\\\\Chunk\\\\ErrorChunk.php:56)\\n[previous exception] [object] (Symfony\\\\Component\\\\HttpClient\\\\Exception\\\\TransportException(code: 0): Error setting certificate verify locations:  CAfile: C:\\\\Users\\\\Stagiaire\\\\Documents\\\\Hackathon\\\\cineCourts\\\\cacert.pem CApath: none for \\\"https://data.jsdelivr.com/v1/packages/npm/@hotwired/stimulus/resolved?specifier=%5E3.0.0\\\". at C:\\\\Users\\\\EAA\\\\Desktop\\\\it_training\\\\vendor\\\\symfony\\\\http-client\\\\Response\\\\CurlResponse.php:324)\",\"command\":\"--ansi importmap:require \\\"@hotwired/stimulus@^3.0.0\\\"\",\"message\":\"Error setting certificate verify locations:  CAfile: C:\\\\Users\\\\Stagiaire\\\\Documents\\\\Hackathon\\\\cineCourts\\\\cacert.pem CApath: none for \\\"https://data.jsdelivr.com/v1/packages/npm/@hotwired/stimulus/resolved?specifier=%5E3.0.0\\\".\"} []\n[2025-07-10T07:40:47.856852+00:00] console.DEBUG: Command \"--ansi importmap:require \"@hotwired/stimulus@^3.0.0\"\" exited with code \"1\" {\"command\":\"--ansi importmap:require \\\"@hotwired/stimulus@^3.0.0\\\"\",\"code\":1} []\n[2025-07-10T07:41:54.323843+00:00] http_client.INFO: Request: \"GET https://data.jsdelivr.com/v1/packages/npm/@hotwired/stimulus/resolved?specifier=%5E3.0.0\" [] []\n[2025-07-10T07:41:54.424040+00:00] console.CRITICAL: Error thrown while running command \"--ansi importmap:require \"@hotwired/stimulus@^3.0.0\"\". Message: \"Error setting certificate verify locations:  CAfile: C:\\Users\\Stagiaire\\Documents\\Hackathon\\cineCourts\\cacert.pem CApath: none for \"https://data.jsdelivr.com/v1/packages/npm/@hotwired/stimulus/resolved?specifier=%5E3.0.0\".\" {\"exception\":\"[object] (Symfony\\\\Component\\\\HttpClient\\\\Exception\\\\TransportException(code: 0): Error setting certificate verify locations:  CAfile: C:\\\\Users\\\\Stagiaire\\\\Documents\\\\Hackathon\\\\cineCourts\\\\cacert.pem CApath: none for \\\"https://data.jsdelivr.com/v1/packages/npm/@hotwired/stimulus/resolved?specifier=%5E3.0.0\\\". at C:\\\\Users\\\\EAA\\\\Desktop\\\\it_training\\\\vendor\\\\symfony\\\\http-client\\\\Chunk\\\\ErrorChunk.php:56)\\n[previous exception] [object] (Symfony\\\\Component\\\\HttpClient\\\\Exception\\\\TransportException(code: 0): Error setting certificate verify locations:  CAfile: C:\\\\Users\\\\Stagiaire\\\\Documents\\\\Hackathon\\\\cineCourts\\\\cacert.pem CApath: none for \\\"https://data.jsdelivr.com/v1/packages/npm/@hotwired/stimulus/resolved?specifier=%5E3.0.0\\\". at C:\\\\Users\\\\EAA\\\\Desktop\\\\it_training\\\\vendor\\\\symfony\\\\http-client\\\\Response\\\\CurlResponse.php:324)\",\"command\":\"--ansi importmap:require \\\"@hotwired/stimulus@^3.0.0\\\"\",\"message\":\"Error setting certificate verify locations:  CAfile: C:\\\\Users\\\\Stagiaire\\\\Documents\\\\Hackathon\\\\cineCourts\\\\cacert.pem CApath: none for \\\"https://data.jsdelivr.com/v1/packages/npm/@hotwired/stimulus/resolved?specifier=%5E3.0.0\\\".\"} []\n[2025-07-10T07:41:54.424684+00:00] console.DEBUG: Command \"--ansi importmap:require \"@hotwired/stimulus@^3.0.0\"\" exited with code \"1\" {\"command\":\"--ansi importmap:require \\\"@hotwired/stimulus@^3.0.0\\\"\",\"code\":1} []\n[2025-07-10T07:43:27.016861+00:00] http_client.INFO: Request: \"GET https://data.jsdelivr.com/v1/packages/npm/@hotwired/stimulus/resolved?specifier=%5E3.0.0\" [] []\n[2025-07-10T07:43:27.152258+00:00] console.CRITICAL: Error thrown while running command \"--ansi importmap:require \"@hotwired/stimulus@^3.0.0\"\". Message: \"Error setting certificate verify locations:  CAfile: C:\\Users\\Stagiaire\\Documents\\Hackathon\\cineCourts\\cacert.pem CApath: none for \"https://data.jsdelivr.com/v1/packages/npm/@hotwired/stimulus/resolved?specifier=%5E3.0.0\".\" {\"exception\":\"[object] (Symfony\\\\Component\\\\HttpClient\\\\Exception\\\\TransportException(code: 0): Error setting certificate verify locations:  CAfile: C:\\\\Users\\\\Stagiaire\\\\Documents\\\\Hackathon\\\\cineCourts\\\\cacert.pem CApath: none for \\\"https://data.jsdelivr.com/v1/packages/npm/@hotwired/stimulus/resolved?specifier=%5E3.0.0\\\". at C:\\\\Users\\\\EAA\\\\Desktop\\\\it_training\\\\vendor\\\\symfony\\\\http-client\\\\Chunk\\\\ErrorChunk.php:56)\\n[previous exception] [object] (Symfony\\\\Component\\\\HttpClient\\\\Exception\\\\TransportException(code: 0): Error setting certificate verify locations:  CAfile: C:\\\\Users\\\\Stagiaire\\\\Documents\\\\Hackathon\\\\cineCourts\\\\cacert.pem CApath: none for \\\"https://data.jsdelivr.com/v1/packages/npm/@hotwired/stimulus/resolved?specifier=%5E3.0.0\\\". at C:\\\\Users\\\\EAA\\\\Desktop\\\\it_training\\\\vendor\\\\symfony\\\\http-client\\\\Response\\\\CurlResponse.php:324)\",\"command\":\"--ansi importmap:require \\\"@hotwired/stimulus@^3.0.0\\\"\",\"message\":\"Error setting certificate verify locations:  CAfile: C:\\\\Users\\\\Stagiaire\\\\Documents\\\\Hackathon\\\\cineCourts\\\\cacert.pem CApath: none for \\\"https://data.jsdelivr.com/v1/packages/npm/@hotwired/stimulus/resolved?specifier=%5E3.0.0\\\".\"} []\n[2025-07-10T07:43:27.152689+00:00] console.DEBUG: Command \"--ansi importmap:require \"@hotwired/stimulus@^3.0.0\"\" exited with code \"1\" {\"command\":\"--ansi importmap:require \\\"@hotwired/stimulus@^3.0.0\\\"\",\"code\":1} []\n[2025-07-10T07:46:19.674370+00:00] console.CRITICAL: Error thrown while running command \"importmap:require\". Message: \"Not enough arguments (missing: \"packages\").\" {\"exception\":\"[object] (Symfony\\\\Component\\\\Console\\\\Exception\\\\RuntimeException(code: 0): Not enough arguments (missing: \\\"packages\\\"). at C:\\\\Users\\\\EAA\\\\Desktop\\\\it_training\\\\vendor\\\\symfony\\\\console\\\\Input\\\\Input.php:77)\",\"command\":\"importmap:require\",\"message\":\"Not enough arguments (missing: \\\"packages\\\").\"} []\n[2025-07-10T07:46:19.676198+00:00] console.DEBUG: Command \"importmap:require\" exited with code \"1\" {\"command\":\"importmap:require\",\"code\":1} []\n[2025-07-10T07:46:39.626940+00:00] http_client.INFO: Request: \"GET https://data.jsdelivr.com/v1/packages/npm/@hotwired/stimulus/resolved\" [] []\n[2025-07-10T07:46:39.682024+00:00] console.CRITICAL: Error thrown while running command \"importmap:require \"@hotwired/stimulus\"\". Message: \"Error setting certificate verify locations:  CAfile: C:\\Users\\Stagiaire\\Documents\\Hackathon\\cineCourts\\cacert.pem CApath: none for \"https://data.jsdelivr.com/v1/packages/npm/@hotwired/stimulus/resolved\".\" {\"exception\":\"[object] (Symfony\\\\Component\\\\HttpClient\\\\Exception\\\\TransportException(code: 0): Error setting certificate verify locations:  CAfile: C:\\\\Users\\\\Stagiaire\\\\Documents\\\\Hackathon\\\\cineCourts\\\\cacert.pem CApath: none for \\\"https://data.jsdelivr.com/v1/packages/npm/@hotwired/stimulus/resolved\\\". at C:\\\\Users\\\\EAA\\\\Desktop\\\\it_training\\\\vendor\\\\symfony\\\\http-client\\\\Chunk\\\\ErrorChunk.php:56)\\n[previous exception] [object] (Symfony\\\\Component\\\\HttpClient\\\\Exception\\\\TransportException(code: 0): Error setting certificate verify locations:  CAfile: C:\\\\Users\\\\Stagiaire\\\\Documents\\\\Hackathon\\\\cineCourts\\\\cacert.pem CApath: none for \\\"https://data.jsdelivr.com/v1/packages/npm/@hotwired/stimulus/resolved\\\". at C:\\\\Users\\\\EAA\\\\Desktop\\\\it_training\\\\vendor\\\\symfony\\\\http-client\\\\Response\\\\CurlResponse.php:324)\",\"command\":\"importmap:require \\\"@hotwired/stimulus\\\"\",\"message\":\"Error setting certificate verify locations:  CAfile: C:\\\\Users\\\\Stagiaire\\\\Documents\\\\Hackathon\\\\cineCourts\\\\cacert.pem CApath: none for \\\"https://data.jsdelivr.com/v1/packages/npm/@hotwired/stimulus/resolved\\\".\"} []\n[2025-07-10T07:46:39.682785+00:00] console.DEBUG: Command \"importmap:require \"@hotwired/stimulus\"\" exited with code \"1\" {\"command\":\"importmap:require \\\"@hotwired/stimulus\\\"\",\"code\":1} []\n[2025-07-10T07:46:43.945913+00:00] http_client.INFO: Request: \"GET https://data.jsdelivr.com/v1/packages/npm/@hotwired/stimulus/resolved\" [] []\n[2025-07-10T07:46:43.949624+00:00] http_client.INFO: Request: \"GET https://data.jsdelivr.com/v1/packages/npm/@hotwired/turbo/resolved\" [] []\n[2025-07-10T07:46:43.991282+00:00] console.CRITICAL: Error thrown while running command \"importmap:require \"@hotwired/stimulus\" \"@hotwired/turbo\"\". Message: \"Error setting certificate verify locations:  CAfile: C:\\Users\\Stagiaire\\Documents\\Hackathon\\cineCourts\\cacert.pem CApath: none for \"https://data.jsdelivr.com/v1/packages/npm/@hotwired/turbo/resolved\".\" {\"exception\":\"[object] (Symfony\\\\Component\\\\HttpClient\\\\Exception\\\\TransportException(code: 0): Error setting certificate verify locations:  CAfile: C:\\\\Users\\\\Stagiaire\\\\Documents\\\\Hackathon\\\\cineCourts\\\\cacert.pem CApath: none for \\\"https://data.jsdelivr.com/v1/packages/npm/@hotwired/turbo/resolved\\\". at C:\\\\Users\\\\EAA\\\\Desktop\\\\it_training\\\\vendor\\\\symfony\\\\http-client\\\\Chunk\\\\ErrorChunk.php:56)\\n[previous exception] [object] (Symfony\\\\Component\\\\HttpClient\\\\Exception\\\\TransportException(code: 0): Error setting certificate verify locations:  CAfile: C:\\\\Users\\\\Stagiaire\\\\Documents\\\\Hackathon\\\\cineCourts\\\\cacert.pem CApath: none for \\\"https://data.jsdelivr.com/v1/packages/npm/@hotwired/turbo/resolved\\\". at C:\\\\Users\\\\EAA\\\\Desktop\\\\it_training\\\\vendor\\\\symfony\\\\http-client\\\\Response\\\\CurlResponse.php:324)\\n[previous exception] [object] (Symfony\\\\Component\\\\HttpClient\\\\Exception\\\\TransportException(code: 0): Error setting certificate verify locations:  CAfile: C:\\\\Users\\\\Stagiaire\\\\Documents\\\\Hackathon\\\\cineCourts\\\\cacert.pem CApath: none for \\\"https://data.jsdelivr.com/v1/packages/npm/@hotwired/stimulus/resolved\\\". at C:\\\\Users\\\\EAA\\\\Desktop\\\\it_training\\\\vendor\\\\symfony\\\\http-client\\\\Chunk\\\\ErrorChunk.php:56)\\n[previous exception] [object] (Symfony\\\\Component\\\\HttpClient\\\\Exception\\\\TransportException(code: 0): Error setting certificate verify locations:  CAfile: C:\\\\Users\\\\Stagiaire\\\\Documents\\\\Hackathon\\\\cineCourts\\\\cacert.pem CApath: none for \\\"https://data.jsdelivr.com/v1/packages/npm/@hotwired/stimulus/resolved\\\". at C:\\\\Users\\\\EAA\\\\Desktop\\\\it_training\\\\vendor\\\\symfony\\\\http-client\\\\Response\\\\CurlResponse.php:324)\",\"command\":\"importmap:require \\\"@hotwired/stimulus\\\" \\\"@hotwired/turbo\\\"\",\"message\":\"Error setting certificate verify locations:  CAfile: C:\\\\Users\\\\Stagiaire\\\\Documents\\\\Hackathon\\\\cineCourts\\\\cacert.pem CApath: none for \\\"https://data.jsdelivr.com/v1/packages/npm/@hotwired/turbo/resolved\\\".\"} []\n[2025-07-10T07:46:43.991701+00:00] console.DEBUG: Command \"importmap:require \"@hotwired/stimulus\" \"@hotwired/turbo\"\" exited with code \"1\" {\"command\":\"importmap:require \\\"@hotwired/stimulus\\\" \\\"@hotwired/turbo\\\"\",\"code\":1} []\n[2025-07-10T07:46:51.279931+00:00] http_client.INFO: Request: \"GET https://data.jsdelivr.com/v1/packages/npm/@hotwired/stimulus/resolved?specifier=%5E3.0.0\" [] []\n[2025-07-10T07:46:51.311741+00:00] console.CRITICAL: Error thrown while running command \"importmap:require \"@hotwired/stimulus@^3.0.0\"\". Message: \"Error setting certificate verify locations:  CAfile: C:\\Users\\Stagiaire\\Documents\\Hackathon\\cineCourts\\cacert.pem CApath: none for \"https://data.jsdelivr.com/v1/packages/npm/@hotwired/stimulus/resolved?specifier=%5E3.0.0\".\" {\"exception\":\"[object] (Symfony\\\\Component\\\\HttpClient\\\\Exception\\\\TransportException(code: 0): Error setting certificate verify locations:  CAfile: C:\\\\Users\\\\Stagiaire\\\\Documents\\\\Hackathon\\\\cineCourts\\\\cacert.pem CApath: none for \\\"https://data.jsdelivr.com/v1/packages/npm/@hotwired/stimulus/resolved?specifier=%5E3.0.0\\\". at C:\\\\Users\\\\EAA\\\\Desktop\\\\it_training\\\\vendor\\\\symfony\\\\http-client\\\\Chunk\\\\ErrorChunk.php:56)\\n[previous exception] [object] (Symfony\\\\Component\\\\HttpClient\\\\Exception\\\\TransportException(code: 0): Error setting certificate verify locations:  CAfile: C:\\\\Users\\\\Stagiaire\\\\Documents\\\\Hackathon\\\\cineCourts\\\\cacert.pem CApath: none for \\\"https://data.jsdelivr.com/v1/packages/npm/@hotwired/stimulus/resolved?specifier=%5E3.0.0\\\". at C:\\\\Users\\\\EAA\\\\Desktop\\\\it_training\\\\vendor\\\\symfony\\\\http-client\\\\Response\\\\CurlResponse.php:324)\",\"command\":\"importmap:require \\\"@hotwired/stimulus@^3.0.0\\\"\",\"message\":\"Error setting certificate verify locations:  CAfile: C:\\\\Users\\\\Stagiaire\\\\Documents\\\\Hackathon\\\\cineCourts\\\\cacert.pem CApath: none for \\\"https://data.jsdelivr.com/v1/packages/npm/@hotwired/stimulus/resolved?specifier=%5E3.0.0\\\".\"} []\n[2025-07-10T07:46:51.312133+00:00] console.DEBUG: Command \"importmap:require \"@hotwired/stimulus@^3.0.0\"\" exited with code \"1\" {\"command\":\"importmap:require \\\"@hotwired/stimulus@^3.0.0\\\"\",\"code\":1} []\n[2025-07-10T07:55:24.191911+00:00] http_client.INFO: Request: \"GET https://data.jsdelivr.com/v1/packages/npm/@hotwired/stimulus/resolved?specifier=%5E3.0.0\" [] []\n[2025-07-10T07:55:24.282595+00:00] console.CRITICAL: Error thrown while running command \"--ansi importmap:require \"@hotwired/stimulus@^3.0.0\"\". Message: \"Error setting certificate verify locations:  CAfile: C:\\Users\\Stagiaire\\Documents\\Hackathon\\cineCourts\\cacert.pem CApath: none for \"https://data.jsdelivr.com/v1/packages/npm/@hotwired/stimulus/resolved?specifier=%5E3.0.0\".\" {\"exception\":\"[object] (Symfony\\\\Component\\\\HttpClient\\\\Exception\\\\TransportException(code: 0): Error setting certificate verify locations:  CAfile: C:\\\\Users\\\\Stagiaire\\\\Documents\\\\Hackathon\\\\cineCourts\\\\cacert.pem CApath: none for \\\"https://data.jsdelivr.com/v1/packages/npm/@hotwired/stimulus/resolved?specifier=%5E3.0.0\\\". at C:\\\\Users\\\\EAA\\\\Desktop\\\\it_training\\\\vendor\\\\symfony\\\\http-client\\\\Chunk\\\\ErrorChunk.php:56)\\n[previous exception] [object] (Symfony\\\\Component\\\\HttpClient\\\\Exception\\\\TransportException(code: 0): Error setting certificate verify locations:  CAfile: C:\\\\Users\\\\Stagiaire\\\\Documents\\\\Hackathon\\\\cineCourts\\\\cacert.pem CApath: none for \\\"https://data.jsdelivr.com/v1/packages/npm/@hotwired/stimulus/resolved?specifier=%5E3.0.0\\\". at C:\\\\Users\\\\EAA\\\\Desktop\\\\it_training\\\\vendor\\\\symfony\\\\http-client\\\\Response\\\\CurlResponse.php:324)\",\"command\":\"--ansi importmap:require \\\"@hotwired/stimulus@^3.0.0\\\"\",\"message\":\"Error setting certificate verify locations:  CAfile: C:\\\\Users\\\\Stagiaire\\\\Documents\\\\Hackathon\\\\cineCourts\\\\cacert.pem CApath: none for \\\"https://data.jsdelivr.com/v1/packages/npm/@hotwired/stimulus/resolved?specifier=%5E3.0.0\\\".\"} []\n[2025-07-10T07:55:24.283459+00:00] console.DEBUG: Command \"--ansi importmap:require \"@hotwired/stimulus@^3.0.0\"\" exited with code \"1\" {\"command\":\"--ansi importmap:require \\\"@hotwired/stimulus@^3.0.0\\\"\",\"code\":1} []\n[2025-07-10T07:56:44.991786+00:00] http_client.INFO: Request: \"GET https://data.jsdelivr.com/v1/packages/npm/@hotwired/stimulus/resolved?specifier=%5E3.0.0\" [] []\n[2025-07-10T07:56:45.129154+00:00] console.CRITICAL: Error thrown while running command \"--ansi importmap:require \"@hotwired/stimulus@^3.0.0\"\". Message: \"Error setting certificate verify locations:  CAfile: C:\\Users\\Stagiaire\\Documents\\Hackathon\\cineCourts\\cacert.pem CApath: none for \"https://data.jsdelivr.com/v1/packages/npm/@hotwired/stimulus/resolved?specifier=%5E3.0.0\".\" {\"exception\":\"[object] (Symfony\\\\Component\\\\HttpClient\\\\Exception\\\\TransportException(code: 0): Error setting certificate verify locations:  CAfile: C:\\\\Users\\\\Stagiaire\\\\Documents\\\\Hackathon\\\\cineCourts\\\\cacert.pem CApath: none for \\\"https://data.jsdelivr.com/v1/packages/npm/@hotwired/stimulus/resolved?specifier=%5E3.0.0\\\". at C:\\\\Users\\\\EAA\\\\Desktop\\\\it_training\\\\vendor\\\\symfony\\\\http-client\\\\Chunk\\\\ErrorChunk.php:56)\\n[previous exception] [object] (Symfony\\\\Component\\\\HttpClient\\\\Exception\\\\TransportException(code: 0): Error setting certificate verify locations:  CAfile: C:\\\\Users\\\\Stagiaire\\\\Documents\\\\Hackathon\\\\cineCourts\\\\cacert.pem CApath: none for \\\"https://data.jsdelivr.com/v1/packages/npm/@hotwired/stimulus/resolved?specifier=%5E3.0.0\\\". at C:\\\\Users\\\\EAA\\\\Desktop\\\\it_training\\\\vendor\\\\symfony\\\\http-client\\\\Response\\\\CurlResponse.php:324)\",\"command\":\"--ansi importmap:require \\\"@hotwired/stimulus@^3.0.0\\\"\",\"message\":\"Error setting certificate verify locations:  CAfile: C:\\\\Users\\\\Stagiaire\\\\Documents\\\\Hackathon\\\\cineCourts\\\\cacert.pem CApath: none for \\\"https://data.jsdelivr.com/v1/packages/npm/@hotwired/stimulus/resolved?specifier=%5E3.0.0\\\".\"} []\n[2025-07-10T07:56:45.130017+00:00] console.DEBUG: Command \"--ansi importmap:require \"@hotwired/stimulus@^3.0.0\"\" exited with code \"1\" {\"command\":\"--ansi importmap:require \\\"@hotwired/stimulus@^3.0.0\\\"\",\"code\":1} []\n[2025-07-10T08:09:57.691574+00:00] http_client.INFO: Request: \"GET https://data.jsdelivr.com/v1/packages/npm/@hotwired/stimulus/resolved?specifier=%5E3.0.0\" [] []\n[2025-07-10T08:09:57.984291+00:00] console.CRITICAL: Error thrown while running command \"--ansi importmap:require \"@hotwired/stimulus@^3.0.0\"\". Message: \"Error setting certificate verify locations:  CAfile: C:\\Users\\Stagiaire\\Documents\\Hackathon\\cineCourts\\cacert.pem CApath: none for \"https://data.jsdelivr.com/v1/packages/npm/@hotwired/stimulus/resolved?specifier=%5E3.0.0\".\" {\"exception\":\"[object] (Symfony\\\\Component\\\\HttpClient\\\\Exception\\\\TransportException(code: 0): Error setting certificate verify locations:  CAfile: C:\\\\Users\\\\Stagiaire\\\\Documents\\\\Hackathon\\\\cineCourts\\\\cacert.pem CApath: none for \\\"https://data.jsdelivr.com/v1/packages/npm/@hotwired/stimulus/resolved?specifier=%5E3.0.0\\\". at C:\\\\Users\\\\EAA\\\\Desktop\\\\it_training\\\\vendor\\\\symfony\\\\http-client\\\\Chunk\\\\ErrorChunk.php:56)\\n[previous exception] [object] (Symfony\\\\Component\\\\HttpClient\\\\Exception\\\\TransportException(code: 0): Error setting certificate verify locations:  CAfile: C:\\\\Users\\\\Stagiaire\\\\Documents\\\\Hackathon\\\\cineCourts\\\\cacert.pem CApath: none for \\\"https://data.jsdelivr.com/v1/packages/npm/@hotwired/stimulus/resolved?specifier=%5E3.0.0\\\". at C:\\\\Users\\\\EAA\\\\Desktop\\\\it_training\\\\vendor\\\\symfony\\\\http-client\\\\Response\\\\CurlResponse.php:324)\",\"command\":\"--ansi importmap:require \\\"@hotwired/stimulus@^3.0.0\\\"\",\"message\":\"Error setting certificate verify locations:  CAfile: C:\\\\Users\\\\Stagiaire\\\\Documents\\\\Hackathon\\\\cineCourts\\\\cacert.pem CApath: none for \\\"https://data.jsdelivr.com/v1/packages/npm/@hotwired/stimulus/resolved?specifier=%5E3.0.0\\\".\"} []\n[2025-07-10T08:09:57.985239+00:00] console.DEBUG: Command \"--ansi importmap:require \"@hotwired/stimulus@^3.0.0\"\" exited with code \"1\" {\"command\":\"--ansi importmap:require \\\"@hotwired/stimulus@^3.0.0\\\"\",\"code\":1} []\n[2025-07-10T08:11:39.024872+00:00] console.CRITICAL: Error thrown while running command \"\"make:message-handler\" AnnulationAutomatiqueHandler\". Message: \"Command \"make:message-handler\" is not defined.  Did you mean one of these?     make:auth     make:command     make:controller     make:crud     make:docker:database     make:entity     make:fixtures     make:form     make:functional-test     make:listener     make:message     make:messenger-middleware     make:migration     make:registration-form     make:reset-password     make:schedule     make:security:custom     make:security:form-login     make:serializer:encoder     make:serializer:normalizer     make:stimulus-controller     make:subscriber     make:test     make:twig-component     make:twig-extension     make:unit-test     make:user     make:validator     make:voter     make:webhook\" {\"exception\":\"[object] (Symfony\\\\Component\\\\Console\\\\Exception\\\\CommandNotFoundException(code: 0): Command \\\"make:message-handler\\\" is not defined.\\n\\nDid you mean one of these?\\n    make:auth\\n    make:command\\n    make:controller\\n    make:crud\\n    make:docker:database\\n    make:entity\\n    make:fixtures\\n    make:form\\n    make:functional-test\\n    make:listener\\n    make:message\\n    make:messenger-middleware\\n    make:migration\\n    make:registration-form\\n    make:reset-password\\n    make:schedule\\n    make:security:custom\\n    make:security:form-login\\n    make:serializer:encoder\\n    make:serializer:normalizer\\n    make:stimulus-controller\\n    make:subscriber\\n    make:test\\n    make:twig-component\\n    make:twig-extension\\n    make:unit-test\\n    make:user\\n    make:validator\\n    make:voter\\n    make:webhook at C:\\\\Users\\\\EAA\\\\Desktop\\\\it_training\\\\vendor\\\\symfony\\\\console\\\\Application.php:737)\",\"command\":\"\\\"make:message-handler\\\" AnnulationAutomatiqueHandler\",\"message\":\"Command \\\"make:message-handler\\\" is not defined.\\n\\nDid you mean one of these?\\n    make:auth\\n    make:command\\n    make:controller\\n    make:crud\\n    make:docker:database\\n    make:entity\\n    make:fixtures\\n    make:form\\n    make:functional-test\\n    make:listener\\n    make:message\\n    make:messenger-middleware\\n    make:migration\\n    make:registration-form\\n    make:reset-password\\n    make:schedule\\n    make:security:custom\\n    make:security:form-login\\n    make:serializer:encoder\\n    make:serializer:normalizer\\n    make:stimulus-controller\\n    make:subscriber\\n    make:test\\n    make:twig-component\\n    make:twig-extension\\n    make:unit-test\\n    make:user\\n    make:validator\\n    make:voter\\n    make:webhook\"} []\n[2025-07-10T08:13:04.993252+00:00] http_client.INFO: Request: \"GET https://data.jsdelivr.com/v1/packages/npm/@hotwired/stimulus/resolved?specifier=%5E3.0.0\" [] []\n[2025-07-10T08:13:05.123885+00:00] console.CRITICAL: Error thrown while running command \"--ansi importmap:require \"@hotwired/stimulus@^3.0.0\"\". Message: \"Error setting certificate verify locations:  CAfile: C:\\Users\\Stagiaire\\Documents\\Hackathon\\cineCourts\\cacert.pem CApath: none for \"https://data.jsdelivr.com/v1/packages/npm/@hotwired/stimulus/resolved?specifier=%5E3.0.0\".\" {\"exception\":\"[object] (Symfony\\\\Component\\\\HttpClient\\\\Exception\\\\TransportException(code: 0): Error setting certificate verify locations:  CAfile: C:\\\\Users\\\\Stagiaire\\\\Documents\\\\Hackathon\\\\cineCourts\\\\cacert.pem CApath: none for \\\"https://data.jsdelivr.com/v1/packages/npm/@hotwired/stimulus/resolved?specifier=%5E3.0.0\\\". at C:\\\\Users\\\\EAA\\\\Desktop\\\\it_training\\\\vendor\\\\symfony\\\\http-client\\\\Chunk\\\\ErrorChunk.php:56)\\n[previous exception] [object] (Symfony\\\\Component\\\\HttpClient\\\\Exception\\\\TransportException(code: 0): Error setting certificate verify locations:  CAfile: C:\\\\Users\\\\Stagiaire\\\\Documents\\\\Hackathon\\\\cineCourts\\\\cacert.pem CApath: none for \\\"https://data.jsdelivr.com/v1/packages/npm/@hotwired/stimulus/resolved?specifier=%5E3.0.0\\\". at C:\\\\Users\\\\EAA\\\\Desktop\\\\it_training\\\\vendor\\\\symfony\\\\http-client\\\\Response\\\\CurlResponse.php:324)\",\"command\":\"--ansi importmap:require \\\"@hotwired/stimulus@^3.0.0\\\"\",\"message\":\"Error setting certificate verify locations:  CAfile: C:\\\\Users\\\\Stagiaire\\\\Documents\\\\Hackathon\\\\cineCourts\\\\cacert.pem CApath: none for \\\"https://data.jsdelivr.com/v1/packages/npm/@hotwired/stimulus/resolved?specifier=%5E3.0.0\\\".\"} []\n[2025-07-10T08:13:05.124422+00:00] console.DEBUG: Command \"--ansi importmap:require \"@hotwired/stimulus@^3.0.0\"\" exited with code \"1\" {\"command\":\"--ansi importmap:require \\\"@hotwired/stimulus@^3.0.0\\\"\",\"code\":1} []\n[2025-07-10T08:14:20.749268+00:00] request.ERROR: Uncaught PHP Exception Symfony\\Component\\HttpKernel\\Exception\\NotFoundHttpException: \"No route found for \"GET http://127.0.0.1:8000/\"\" at RouterListener.php line 127 {\"exception\":\"[object] (Symfony\\\\Component\\\\HttpKernel\\\\Exception\\\\NotFoundHttpException(code: 0): No route found for \\\"GET http://127.0.0.1:8000/\\\" at C:\\\\Users\\\\EAA\\\\Desktop\\\\it_training\\\\vendor\\\\symfony\\\\http-kernel\\\\EventListener\\\\RouterListener.php:127)\\n[previous exception] [object] (Symfony\\\\Component\\\\Routing\\\\Exception\\\\NoConfigurationException(code: 0):  at C:\\\\Users\\\\EAA\\\\Desktop\\\\it_training\\\\vendor\\\\symfony\\\\routing\\\\Matcher\\\\Dumper\\\\CompiledUrlMatcherTrait.php:181)\"} []\n[2025-07-10T08:14:21.379508+00:00] request.ERROR: Uncaught PHP Exception Symfony\\Component\\HttpKernel\\Exception\\NotFoundHttpException: \"No route found for \"GET http://127.0.0.1:8000/\"\" at RouterListener.php line 127 {\"exception\":\"[object] (Symfony\\\\Component\\\\HttpKernel\\\\Exception\\\\NotFoundHttpException(code: 0): No route found for \\\"GET http://127.0.0.1:8000/\\\" at C:\\\\Users\\\\EAA\\\\Desktop\\\\it_training\\\\vendor\\\\symfony\\\\http-kernel\\\\EventListener\\\\RouterListener.php:127)\\n[previous exception] [object] (Symfony\\\\Component\\\\Routing\\\\Exception\\\\NoConfigurationException(code: 0):  at C:\\\\Users\\\\EAA\\\\Desktop\\\\it_training\\\\vendor\\\\symfony\\\\routing\\\\Matcher\\\\Dumper\\\\CompiledUrlMatcherTrait.php:181)\"} []\n[2025-07-10T08:14:21.599710+00:00] request.INFO: Matched route \"_wdt\". {\"route\":\"_wdt\",\"route_parameters\":{\"_route\":\"_wdt\",\"_controller\":\"web_profiler.controller.profiler::toolbarAction\",\"token\":\"5d6d35\"},\"request_uri\":\"http://127.0.0.1:8000/_wdt/5d6d35\",\"method\":\"GET\"} []\n[2025-07-10T08:14:28.032235+00:00] request.INFO: Matched route \"app_formation_index\". {\"route\":\"app_formation_index\",\"route_parameters\":{\"_route\":\"app_formation_index\",\"_controller\":\"App\\\\Controller\\\\FormationController::index\"},\"request_uri\":\"http://127.0.0.1:8000/formation\",\"method\":\"GET\"} []\n[2025-07-10T08:14:28.078081+00:00] security.DEBUG: Checking for authenticator support. {\"firewall_name\":\"main\",\"authenticators\":1} []\n[2025-07-10T08:14:28.078144+00:00] security.DEBUG: Checking support on authenticator. {\"firewall_name\":\"main\",\"authenticator\":\"Symfony\\\\Component\\\\Security\\\\Http\\\\Authenticator\\\\FormLoginAuthenticator\"} []\n[2025-07-10T08:14:28.078178+00:00] security.DEBUG: Authenticator does not support the request. {\"firewall_name\":\"main\",\"authenticator\":\"Symfony\\\\Component\\\\Security\\\\Http\\\\Authenticator\\\\FormLoginAuthenticator\"} []\n[2025-07-10T08:14:28.190616+00:00] security.DEBUG: Access denied, the user is not fully authenticated; redirecting to authentication entry point. {\"exception\":\"[object] (Symfony\\\\Component\\\\Security\\\\Core\\\\Exception\\\\AccessDeniedException(code: 403): Access Denied. at C:\\\\Users\\\\EAA\\\\Desktop\\\\it_training\\\\vendor\\\\symfony\\\\security-http\\\\Firewall\\\\AccessListener.php:87)\"} []\n[2025-07-10T08:14:28.209448+00:00] security.DEBUG: Calling Authentication entry point. {\"entry_point\":{\"Symfony\\\\Component\\\\Security\\\\Http\\\\Authenticator\\\\FormLoginAuthenticator\":[]}} []\n[2025-07-10T12:04:02.345678] request.CRITICAL: Uncaught PHP Exception Symfony\\Component\\Routing\\Exception\\RouteNotFoundException: \"Unable to generate a URL for the named route \"login\" as such route does not exist.\" at CompiledUrlGenerator.php line 50 {\"exception\":\"[object] (Symfony\\\\Component\\\\Routing\\\\Exception\\\\RouteNotFoundException(code: 0): Unable to generate a URL for the named route \\\"login\\\" as such route does not exist. at C:\\\\Users\\\\EAA\\\\Desktop\\\\it_training\\\\vendor\\\\symfony\\\\routing\\\\Generator\\\\CompiledUrlGenerator.php:50)\"} []\n[2025-07-10T08:14:29.045881+00:00] request.INFO: Matched route \"_wdt\". {\"route\":\"_wdt\",\"route_parameters\":{\"_route\":\"_wdt\",\"_controller\":\"web_profiler.controller.profiler::toolbarAction\",\"token\":\"0a4326\"},\"request_uri\":\"http://127.0.0.1:8000/_wdt/0a4326\",\"method\":\"GET\"} []\n[2025-07-10T08:19:36.543434+00:00] http_client.INFO: Request: \"GET https://data.jsdelivr.com/v1/packages/npm/@hotwired/stimulus/resolved?specifier=%5E3.0.0\" [] []\n[2025-07-10T08:19:36.645888+00:00] console.CRITICAL: Error thrown while running command \"--ansi importmap:require \"@hotwired/stimulus@^3.0.0\"\". Message: \"Error setting certificate verify locations:  CAfile: C:\\Users\\Stagiaire\\Documents\\Hackathon\\cineCourts\\cacert.pem CApath: none for \"https://data.jsdelivr.com/v1/packages/npm/@hotwired/stimulus/resolved?specifier=%5E3.0.0\".\" {\"exception\":\"[object] (Symfony\\\\Component\\\\HttpClient\\\\Exception\\\\TransportException(code: 0): Error setting certificate verify locations:  CAfile: C:\\\\Users\\\\Stagiaire\\\\Documents\\\\Hackathon\\\\cineCourts\\\\cacert.pem CApath: none for \\\"https://data.jsdelivr.com/v1/packages/npm/@hotwired/stimulus/resolved?specifier=%5E3.0.0\\\". at C:\\\\Users\\\\EAA\\\\Desktop\\\\it_training\\\\vendor\\\\symfony\\\\http-client\\\\Chunk\\\\ErrorChunk.php:56)\\n[previous exception] [object] (Symfony\\\\Component\\\\HttpClient\\\\Exception\\\\TransportException(code: 0): Error setting certificate verify locations:  CAfile: C:\\\\Users\\\\Stagiaire\\\\Documents\\\\Hackathon\\\\cineCourts\\\\cacert.pem CApath: none for \\\"https://data.jsdelivr.com/v1/packages/npm/@hotwired/stimulus/resolved?specifier=%5E3.0.0\\\". at C:\\\\Users\\\\EAA\\\\Desktop\\\\it_training\\\\vendor\\\\symfony\\\\http-client\\\\Response\\\\CurlResponse.php:324)\",\"command\":\"--ansi importmap:require \\\"@hotwired/stimulus@^3.0.0\\\"\",\"message\":\"Error setting certificate verify locations:  CAfile: C:\\\\Users\\\\Stagiaire\\\\Documents\\\\Hackathon\\\\cineCourts\\\\cacert.pem CApath: none for \\\"https://data.jsdelivr.com/v1/packages/npm/@hotwired/stimulus/resolved?specifier=%5E3.0.0\\\".\"} []\n[2025-07-10T08:19:36.646271+00:00] console.DEBUG: Command \"--ansi importmap:require \"@hotwired/stimulus@^3.0.0\"\" exited with code \"1\" {\"command\":\"--ansi importmap:require \\\"@hotwired/stimulus@^3.0.0\\\"\",\"code\":1} []\n[2025-07-10T08:25:52.585367+00:00] http_client.INFO: Request: \"GET https://data.jsdelivr.com/v1/packages/npm/@hotwired/stimulus/resolved?specifier=%5E3.0.0\" [] []\n[2025-07-10T08:25:52.701162+00:00] console.CRITICAL: Error thrown while running command \"--ansi importmap:require \"@hotwired/stimulus@^3.0.0\"\". Message: \"Error setting certificate verify locations:  CAfile: C:\\Users\\Stagiaire\\Documents\\Hackathon\\cineCourts\\cacert.pem CApath: none for \"https://data.jsdelivr.com/v1/packages/npm/@hotwired/stimulus/resolved?specifier=%5E3.0.0\".\" {\"exception\":\"[object] (Symfony\\\\Component\\\\HttpClient\\\\Exception\\\\TransportException(code: 0): Error setting certificate verify locations:  CAfile: C:\\\\Users\\\\Stagiaire\\\\Documents\\\\Hackathon\\\\cineCourts\\\\cacert.pem CApath: none for \\\"https://data.jsdelivr.com/v1/packages/npm/@hotwired/stimulus/resolved?specifier=%5E3.0.0\\\". at C:\\\\Users\\\\EAA\\\\Desktop\\\\it_training\\\\vendor\\\\symfony\\\\http-client\\\\Chunk\\\\ErrorChunk.php:56)\\n[previous exception] [object] (Symfony\\\\Component\\\\HttpClient\\\\Exception\\\\TransportException(code: 0): Error setting certificate verify locations:  CAfile: C:\\\\Users\\\\Stagiaire\\\\Documents\\\\Hackathon\\\\cineCourts\\\\cacert.pem CApath: none for \\\"https://data.jsdelivr.com/v1/packages/npm/@hotwired/stimulus/resolved?specifier=%5E3.0.0\\\". at C:\\\\Users\\\\EAA\\\\Desktop\\\\it_training\\\\vendor\\\\symfony\\\\http-client\\\\Response\\\\CurlResponse.php:324)\",\"command\":\"--ansi importmap:require \\\"@hotwired/stimulus@^3.0.0\\\"\",\"message\":\"Error setting certificate verify locations:  CAfile: C:\\\\Users\\\\Stagiaire\\\\Documents\\\\Hackathon\\\\cineCourts\\\\cacert.pem CApath: none for \\\"https://data.jsdelivr.com/v1/packages/npm/@hotwired/stimulus/resolved?specifier=%5E3.0.0\\\".\"} []\n[2025-07-10T08:25:52.701547+00:00] console.DEBUG: Command \"--ansi importmap:require \"@hotwired/stimulus@^3.0.0\"\" exited with code \"1\" {\"command\":\"--ansi importmap:require \\\"@hotwired/stimulus@^3.0.0\\\"\",\"code\":1} []\n"
        }
    ]
}